[ 2017-08-22T11:34:10+08:00 ] ::1 /think/index.php/Admin/Goods/img/20121018-174034-58977.jpg
INFO: [ app_init ] --START--
INFO: Run Behavior\BuildLiteBehavior [ RunTime:0.000000s ]
INFO: [ app_init ] --END-- [ RunTime:0.000000s ]

[ 2017-08-22T11:34:10+08:00 ] ::1 /think/index.php/Admin/Goods/img/20121018-174248-28718.jpg
INFO: [ app_init ] --START--
INFO: Run Behavior\BuildLiteBehavior [ RunTime:0.000000s ]
INFO: [ app_init ] --END-- [ RunTime:0.001000s ]

[ 2017-08-22T11:34:10+08:00 ] ::1 /think/index.php/Admin/Goods/img/20121018-174034-97960.jpg
INFO: [ app_init ] --START--
INFO: Run Behavior\BuildLiteBehavior [ RunTime:0.000000s ]
INFO: [ app_init ] --END-- [ RunTime:0.004000s ]

[ 2017-08-22T11:34:10+08:00 ] ::1 /think/index.php/Admin/Goods/img/20121018-174346-54660.jpg
INFO: [ app_init ] --START--
INFO: Run Behavior\BuildLiteBehavior [ RunTime:0.000000s ]
INFO: [ app_init ] --END-- [ RunTime:0.002000s ]

[ 2017-08-22T11:34:10+08:00 ] ::1 /think/index.php/Admin/Goods/img/20121018-174455-91962.jpg
INFO: [ app_init ] --START--
INFO: Run Behavior\BuildLiteBehavior [ RunTime:0.000000s ]
INFO: [ app_init ] --END-- [ RunTime:0.001000s ]

[ 2017-08-22T11:34:10+08:00 ] ::1 /think/index.php/Admin/Goods/img/20121018-174346-31424.jpg
INFO: [ app_init ] --START--
INFO: Run Behavior\BuildLiteBehavior [ RunTime:0.000000s ]
INFO: [ app_init ] --END-- [ RunTime:0.000000s ]

[ 2017-08-22T11:34:10+08:00 ] ::1 /think/index.php/Admin/Goods/img/20121018-174248-87501.jpg
INFO: [ app_init ] --START--
INFO: Run Behavior\BuildLiteBehavior [ RunTime:0.000000s ]
INFO: [ app_init ] --END-- [ RunTime:0.000000s ]

[ 2017-08-22T11:34:10+08:00 ] ::1 /think/index.php/Admin/Goods/img/20121018-174455-10118.jpg
INFO: [ app_init ] --START--
INFO: Run Behavior\BuildLiteBehavior [ RunTime:0.000000s ]
INFO: [ app_init ] --END-- [ RunTime:0.001000s ]

[ 2017-08-22T11:39:55+08:00 ] ::1 /think/index.php/Admin/Goods/img/20121018-174034-58977.jpg
INFO: [ app_init ] --START--
INFO: Run Behavior\BuildLiteBehavior [ RunTime:0.000000s ]
INFO: [ app_init ] --END-- [ RunTime:0.000000s ]

[ 2017-08-22T11:39:55+08:00 ] ::1 /think/index.php/Admin/Goods/img/20121018-174034-97960.jpg
INFO: [ app_init ] --START--
INFO: Run Behavior\BuildLiteBehavior [ RunTime:0.000000s ]
INFO: [ app_init ] --END-- [ RunTime:0.001000s ]

[ 2017-08-22T11:39:55+08:00 ] ::1 /think/index.php/Admin/Goods/img/20121018-174455-91962.jpg
INFO: [ app_init ] --START--
INFO: Run Behavior\BuildLiteBehavior [ RunTime:0.000000s ]
INFO: [ app_init ] --END-- [ RunTime:0.001000s ]

[ 2017-08-22T11:39:55+08:00 ] ::1 /think/index.php/Admin/Goods/img/20121018-174248-28718.jpg
INFO: [ app_init ] --START--
INFO: Run Behavior\BuildLiteBehavior [ RunTime:0.001000s ]
INFO: [ app_init ] --END-- [ RunTime:0.001000s ]

[ 2017-08-22T11:39:55+08:00 ] ::1 /think/index.php/Admin/Goods/img/20121018-174248-87501.jpg
INFO: [ app_init ] --START--
INFO: Run Behavior\BuildLiteBehavior [ RunTime:0.000000s ]
INFO: [ app_init ] --END-- [ RunTime:0.000000s ]

[ 2017-08-22T11:39:55+08:00 ] ::1 /think/index.php/Admin/Goods/img/20121018-174346-54660.jpg
INFO: [ app_init ] --START--
INFO: Run Behavior\BuildLiteBehavior [ RunTime:0.000000s ]
INFO: [ app_init ] --END-- [ RunTime:0.000000s ]

[ 2017-08-22T11:39:55+08:00 ] ::1 /think/index.php/Admin/Goods/img/20121018-174346-31424.jpg
INFO: [ app_init ] --START--
INFO: Run Behavior\BuildLiteBehavior [ RunTime:0.000000s ]
INFO: [ app_init ] --END-- [ RunTime:0.001000s ]

[ 2017-08-22T11:39:55+08:00 ] ::1 /think/index.php/Admin/Goods/img/20121018-174455-10118.jpg
INFO: [ app_init ] --START--
INFO: Run Behavior\BuildLiteBehavior [ RunTime:0.001000s ]
INFO: [ app_init ] --END-- [ RunTime:0.001000s ]

[ 2017-08-22T11:39:56+08:00 ] ::1 /think/index.php/Admin/Goods/img/20121018-174034-58977.jpg
INFO: [ app_init ] --START--
INFO: Run Behavior\BuildLiteBehavior [ RunTime:0.000000s ]
INFO: [ app_init ] --END-- [ RunTime:0.001000s ]

[ 2017-08-22T11:39:56+08:00 ] ::1 /think/index.php/Admin/Goods/img/20121018-174034-97960.jpg
INFO: [ app_init ] --START--
INFO: Run Behavior\BuildLiteBehavior [ RunTime:0.000000s ]
INFO: [ app_init ] --END-- [ RunTime:0.001000s ]

[ 2017-08-22T11:39:56+08:00 ] ::1 /think/index.php/Admin/Goods/img/20121018-174346-31424.jpg
INFO: [ app_init ] --START--
INFO: Run Behavior\BuildLiteBehavior [ RunTime:0.000000s ]
INFO: [ app_init ] --END-- [ RunTime:0.000000s ]

[ 2017-08-22T11:39:56+08:00 ] ::1 /think/index.php/Admin/Goods/img/20121018-174248-28718.jpg
INFO: [ app_init ] --START--
INFO: Run Behavior\BuildLiteBehavior [ RunTime:0.000000s ]
INFO: [ app_init ] --END-- [ RunTime:0.001000s ]

[ 2017-08-22T11:39:56+08:00 ] ::1 /think/index.php/Admin/Goods/img/20121018-174248-87501.jpg
INFO: [ app_init ] --START--
INFO: Run Behavior\BuildLiteBehavior [ RunTime:0.000000s ]
INFO: [ app_init ] --END-- [ RunTime:0.001000s ]

[ 2017-08-22T11:39:56+08:00 ] ::1 /think/index.php/Admin/Goods/img/20121018-174346-54660.jpg
INFO: [ app_init ] --START--
INFO: Run Behavior\BuildLiteBehavior [ RunTime:0.000000s ]
INFO: [ app_init ] --END-- [ RunTime:0.000000s ]

[ 2017-08-22T11:39:56+08:00 ] ::1 /think/index.php/Admin/Goods/img/20121018-174455-10118.jpg
INFO: [ app_init ] --START--
INFO: Run Behavior\BuildLiteBehavior [ RunTime:0.000000s ]
INFO: [ app_init ] --END-- [ RunTime:0.001000s ]

[ 2017-08-22T11:39:56+08:00 ] ::1 /think/index.php/Admin/Goods/img/20121018-174455-91962.jpg
INFO: [ app_init ] --START--
INFO: Run Behavior\BuildLiteBehavior [ RunTime:0.000000s ]
INFO: [ app_init ] --END-- [ RunTime:0.001000s ]

[ 2017-08-22T11:39:56+08:00 ] ::1 /think/index.php/Admin/Goods/img/20121018-174034-58977.jpg
INFO: [ app_init ] --START--
INFO: Run Behavior\BuildLiteBehavior [ RunTime:0.000000s ]
INFO: [ app_init ] --END-- [ RunTime:0.002000s ]

[ 2017-08-22T11:39:56+08:00 ] ::1 /think/index.php/Admin/Goods/img/20121018-174248-28718.jpg
INFO: [ app_init ] --START--
INFO: Run Behavior\BuildLiteBehavior [ RunTime:0.000000s ]
INFO: [ app_init ] --END-- [ RunTime:0.000000s ]

[ 2017-08-22T11:39:56+08:00 ] ::1 /think/index.php/Admin/Goods/img/20121018-174346-54660.jpg
INFO: [ app_init ] --START--
INFO: Run Behavior\BuildLiteBehavior [ RunTime:0.000000s ]
INFO: [ app_init ] --END-- [ RunTime:0.001000s ]

[ 2017-08-22T11:39:56+08:00 ] ::1 /think/index.php/Admin/Goods/img/20121018-174248-87501.jpg
INFO: [ app_init ] --START--
INFO: Run Behavior\BuildLiteBehavior [ RunTime:0.000000s ]
INFO: [ app_init ] --END-- [ RunTime:0.006000s ]

[ 2017-08-22T11:39:56+08:00 ] ::1 /think/index.php/Admin/Goods/img/20121018-174455-10118.jpg
INFO: [ app_init ] --START--
INFO: Run Behavior\BuildLiteBehavior [ RunTime:0.000000s ]
INFO: [ app_init ] --END-- [ RunTime:0.000000s ]

[ 2017-08-22T11:39:56+08:00 ] ::1 /think/index.php/Admin/Goods/img/20121018-174455-91962.jpg
INFO: [ app_init ] --START--
INFO: Run Behavior\BuildLiteBehavior [ RunTime:0.000000s ]
INFO: [ app_init ] --END-- [ RunTime:0.001000s ]

[ 2017-08-22T11:39:56+08:00 ] ::1 /think/index.php/Admin/Goods/img/20121018-174034-97960.jpg
INFO: [ app_init ] --START--
INFO: Run Behavior\BuildLiteBehavior [ RunTime:0.000000s ]
INFO: [ app_init ] --END-- [ RunTime:0.000000s ]

[ 2017-08-22T11:39:56+08:00 ] ::1 /think/index.php/Admin/Goods/img/20121018-174346-31424.jpg
INFO: [ app_init ] --START--
INFO: Run Behavior\BuildLiteBehavior [ RunTime:0.000000s ]
INFO: [ app_init ] --END-- [ RunTime:0.000000s ]

[ 2017-08-22T11:39:57+08:00 ] ::1 /think/index.php/Admin/Goods/img/20121018-174034-58977.jpg
INFO: [ app_init ] --START--
INFO: Run Behavior\BuildLiteBehavior [ RunTime:0.000000s ]
INFO: [ app_init ] --END-- [ RunTime:0.001000s ]

[ 2017-08-22T11:39:57+08:00 ] ::1 /think/index.php/Admin/Goods/img/20121018-174248-87501.jpg
INFO: [ app_init ] --START--
INFO: Run Behavior\BuildLiteBehavior [ RunTime:0.000000s ]
INFO: [ app_init ] --END-- [ RunTime:0.000000s ]

[ 2017-08-22T11:39:57+08:00 ] ::1 /think/index.php/Admin/Goods/img/20121018-174248-28718.jpg
INFO: [ app_init ] --START--
INFO: Run Behavior\BuildLiteBehavior [ RunTime:0.000000s ]
INFO: [ app_init ] --END-- [ RunTime:0.001000s ]

[ 2017-08-22T11:39:57+08:00 ] ::1 /think/index.php/Admin/Goods/img/20121018-174455-91962.jpg
INFO: [ app_init ] --START--
INFO: Run Behavior\BuildLiteBehavior [ RunTime:0.000000s ]
INFO: [ app_init ] --END-- [ RunTime:0.001000s ]

[ 2017-08-22T11:39:57+08:00 ] ::1 /think/index.php/Admin/Goods/img/20121018-174346-31424.jpg
INFO: [ app_init ] --START--
INFO: Run Behavior\BuildLiteBehavior [ RunTime:0.002000s ]
INFO: [ app_init ] --END-- [ RunTime:0.006000s ]

[ 2017-08-22T11:39:57+08:00 ] ::1 /think/index.php/Admin/Goods/img/20121018-174346-54660.jpg
INFO: [ app_init ] --START--
INFO: Run Behavior\BuildLiteBehavior [ RunTime:0.000000s ]
INFO: [ app_init ] --END-- [ RunTime:0.001000s ]

[ 2017-08-22T11:39:57+08:00 ] ::1 /think/index.php/Admin/Goods/img/20121018-174034-97960.jpg
INFO: [ app_init ] --START--
INFO: Run Behavior\BuildLiteBehavior [ RunTime:0.000000s ]
INFO: [ app_init ] --END-- [ RunTime:0.001000s ]

[ 2017-08-22T11:39:57+08:00 ] ::1 /think/index.php/Admin/Goods/img/20121018-174455-10118.jpg
INFO: [ app_init ] --START--
INFO: Run Behavior\BuildLiteBehavior [ RunTime:0.000000s ]
INFO: [ app_init ] --END-- [ RunTime:0.001000s ]

[ 2017-08-22T11:39:57+08:00 ] ::1 /think/index.php/Admin/Goods/img/20121018-174034-58977.jpg
INFO: [ app_init ] --START--
INFO: Run Behavior\BuildLiteBehavior [ RunTime:0.000000s ]
INFO: [ app_init ] --END-- [ RunTime:0.000000s ]

[ 2017-08-22T11:39:57+08:00 ] ::1 /think/index.php/Admin/Goods/img/20121018-174034-97960.jpg
INFO: [ app_init ] --START--
INFO: Run Behavior\BuildLiteBehavior [ RunTime:0.000000s ]
INFO: [ app_init ] --END-- [ RunTime:0.001000s ]

[ 2017-08-22T11:39:57+08:00 ] ::1 /think/index.php/Admin/Goods/img/20121018-174248-28718.jpg
INFO: [ app_init ] --START--
INFO: Run Behavior\BuildLiteBehavior [ RunTime:0.000000s ]
INFO: [ app_init ] --END-- [ RunTime:0.001000s ]

[ 2017-08-22T11:39:57+08:00 ] ::1 /think/index.php/Admin/Goods/img/20121018-174346-31424.jpg
INFO: [ app_init ] --START--
INFO: Run Behavior\BuildLiteBehavior [ RunTime:0.000000s ]
INFO: [ app_init ] --END-- [ RunTime:0.001000s ]

[ 2017-08-22T11:39:58+08:00 ] ::1 /think/index.php/Admin/Goods/img/20121018-174346-54660.jpg
INFO: [ app_init ] --START--
INFO: Run Behavior\BuildLiteBehavior [ RunTime:0.000000s ]
INFO: [ app_init ] --END-- [ RunTime:0.003000s ]

[ 2017-08-22T11:39:58+08:00 ] ::1 /think/index.php/Admin/Goods/img/20121018-174248-87501.jpg
INFO: [ app_init ] --START--
INFO: Run Behavior\BuildLiteBehavior [ RunTime:0.000000s ]
INFO: [ app_init ] --END-- [ RunTime:0.000000s ]

[ 2017-08-22T11:39:58+08:00 ] ::1 /think/index.php/Admin/Goods/img/20121018-174455-10118.jpg
INFO: [ app_init ] --START--
INFO: Run Behavior\BuildLiteBehavior [ RunTime:0.000000s ]
INFO: [ app_init ] --END-- [ RunTime:0.000000s ]

[ 2017-08-22T11:39:58+08:00 ] ::1 /think/index.php/Admin/Goods/img/20121018-174455-91962.jpg
INFO: [ app_init ] --START--
INFO: Run Behavior\BuildLiteBehavior [ RunTime:0.000000s ]
INFO: [ app_init ] --END-- [ RunTime:0.001000s ]

[ 2017-08-22T11:39:59+08:00 ] ::1 /think/index.php/Admin/Goods/img/20121018-174034-58977.jpg
INFO: [ app_init ] --START--
INFO: Run Behavior\BuildLiteBehavior [ RunTime:0.000000s ]
INFO: [ app_init ] --END-- [ RunTime:0.001000s ]

[ 2017-08-22T11:39:59+08:00 ] ::1 /think/index.php/Admin/Goods/img/20121018-174034-97960.jpg
INFO: [ app_init ] --START--
INFO: Run Behavior\BuildLiteBehavior [ RunTime:0.000000s ]
INFO: [ app_init ] --END-- [ RunTime:0.000000s ]

[ 2017-08-22T11:39:59+08:00 ] ::1 /think/index.php/Admin/Goods/img/20121018-174248-28718.jpg
INFO: [ app_init ] --START--
INFO: Run Behavior\BuildLiteBehavior [ RunTime:0.000000s ]
INFO: [ app_init ] --END-- [ RunTime:0.001000s ]

[ 2017-08-22T11:39:59+08:00 ] ::1 /think/index.php/Admin/Goods/img/20121018-174346-54660.jpg
INFO: [ app_init ] --START--
INFO: Run Behavior\BuildLiteBehavior [ RunTime:0.000000s ]
INFO: [ app_init ] --END-- [ RunTime:0.001000s ]

[ 2017-08-22T11:39:59+08:00 ] ::1 /think/index.php/Admin/Goods/img/20121018-174248-87501.jpg
INFO: [ app_init ] --START--
INFO: Run Behavior\BuildLiteBehavior [ RunTime:0.000000s ]
INFO: [ app_init ] --END-- [ RunTime:0.001000s ]

[ 2017-08-22T11:39:59+08:00 ] ::1 /think/index.php/Admin/Goods/img/20121018-174346-31424.jpg
INFO: [ app_init ] --START--
INFO: Run Behavior\BuildLiteBehavior [ RunTime:0.000000s ]
INFO: [ app_init ] --END-- [ RunTime:0.001000s ]

[ 2017-08-22T11:39:59+08:00 ] ::1 /think/index.php/Admin/Goods/img/20121018-174455-10118.jpg
INFO: [ app_init ] --START--
INFO: Run Behavior\BuildLiteBehavior [ RunTime:0.000000s ]
INFO: [ app_init ] --END-- [ RunTime:0.001000s ]

[ 2017-08-22T11:39:59+08:00 ] ::1 /think/index.php/Admin/Goods/img/20121018-174455-91962.jpg
INFO: [ app_init ] --START--
INFO: Run Behavior\BuildLiteBehavior [ RunTime:0.000000s ]
INFO: [ app_init ] --END-- [ RunTime:0.001000s ]

[ 2017-08-22T11:41:44+08:00 ] ::1 /think/index.php/Admin/Goods/img/20121018-174034-58977.jpg
INFO: [ app_init ] --START--
INFO: Run Behavior\BuildLiteBehavior [ RunTime:0.000000s ]
INFO: [ app_init ] --END-- [ RunTime:0.001000s ]

[ 2017-08-22T11:41:44+08:00 ] ::1 /think/index.php/Admin/Goods/img/20121018-174034-97960.jpg
INFO: [ app_init ] --START--
INFO: Run Behavior\BuildLiteBehavior [ RunTime:0.000000s ]
INFO: [ app_init ] --END-- [ RunTime:0.000000s ]

[ 2017-08-22T11:41:44+08:00 ] ::1 /think/index.php/Admin/Goods/img/20121018-174455-10118.jpg
INFO: [ app_init ] --START--
INFO: Run Behavior\BuildLiteBehavior [ RunTime:0.000000s ]
INFO: [ app_init ] --END-- [ RunTime:0.001000s ]

[ 2017-08-22T11:41:44+08:00 ] ::1 /think/index.php/Admin/Goods/img/20121018-174346-31424.jpg
INFO: [ app_init ] --START--
INFO: Run Behavior\BuildLiteBehavior [ RunTime:0.000000s ]
INFO: [ app_init ] --END-- [ RunTime:0.001000s ]

[ 2017-08-22T11:41:44+08:00 ] ::1 /think/index.php/Admin/Goods/img/20121018-174346-54660.jpg
INFO: [ app_init ] --START--
INFO: Run Behavior\BuildLiteBehavior [ RunTime:0.000000s ]
INFO: [ app_init ] --END-- [ RunTime:0.001000s ]

[ 2017-08-22T11:41:44+08:00 ] ::1 /think/index.php/Admin/Goods/img/20121018-174455-91962.jpg
INFO: [ app_init ] --START--
INFO: Run Behavior\BuildLiteBehavior [ RunTime:0.000000s ]
INFO: [ app_init ] --END-- [ RunTime:0.001000s ]

[ 2017-08-22T11:41:44+08:00 ] ::1 /think/index.php/Admin/Goods/img/20121018-174248-28718.jpg
INFO: [ app_init ] --START--
INFO: Run Behavior\BuildLiteBehavior [ RunTime:0.000000s ]
INFO: [ app_init ] --END-- [ RunTime:0.005000s ]

[ 2017-08-22T11:41:44+08:00 ] ::1 /think/index.php/Admin/Goods/img/20121018-174248-87501.jpg
INFO: [ app_init ] --START--
INFO: Run Behavior\BuildLiteBehavior [ RunTime:0.000000s ]
INFO: [ app_init ] --END-- [ RunTime:0.001000s ]

[ 2017-08-22T11:41:47+08:00 ] ::1 /think/index.php/Admin/Goods/img/20121018-174034-58977.jpg
INFO: [ app_init ] --START--
INFO: Run Behavior\BuildLiteBehavior [ RunTime:0.000000s ]
INFO: [ app_init ] --END-- [ RunTime:0.000000s ]

[ 2017-08-22T11:41:47+08:00 ] ::1 /think/index.php/Admin/Goods/img/20121018-174248-28718.jpg
INFO: [ app_init ] --START--
INFO: Run Behavior\BuildLiteBehavior [ RunTime:0.000000s ]
INFO: [ app_init ] --END-- [ RunTime:0.001000s ]

[ 2017-08-22T11:41:47+08:00 ] ::1 /think/index.php/Admin/Goods/img/20121018-174346-54660.jpg
INFO: [ app_init ] --START--
INFO: Run Behavior\BuildLiteBehavior [ RunTime:0.000000s ]
INFO: [ app_init ] --END-- [ RunTime:0.004000s ]

[ 2017-08-22T11:41:47+08:00 ] ::1 /think/index.php/Admin/Goods/img/20121018-174034-97960.jpg
INFO: [ app_init ] --START--
INFO: Run Behavior\BuildLiteBehavior [ RunTime:0.000000s ]
INFO: [ app_init ] --END-- [ RunTime:0.001000s ]

[ 2017-08-22T11:41:47+08:00 ] ::1 /think/index.php/Admin/Goods/img/20121018-174346-31424.jpg
INFO: [ app_init ] --START--
INFO: Run Behavior\BuildLiteBehavior [ RunTime:0.000000s ]
INFO: [ app_init ] --END-- [ RunTime:0.004000s ]

[ 2017-08-22T11:41:47+08:00 ] ::1 /think/index.php/Admin/Goods/img/20121018-174248-87501.jpg
INFO: [ app_init ] --START--
INFO: Run Behavior\BuildLiteBehavior [ RunTime:0.000000s ]
INFO: [ app_init ] --END-- [ RunTime:0.001000s ]

[ 2017-08-22T11:41:47+08:00 ] ::1 /think/index.php/Admin/Goods/img/20121018-174455-91962.jpg
INFO: [ app_init ] --START--
INFO: Run Behavior\BuildLiteBehavior [ RunTime:0.000000s ]
INFO: [ app_init ] --END-- [ RunTime:0.007000s ]

[ 2017-08-22T11:41:47+08:00 ] ::1 /think/index.php/Admin/Goods/img/20121018-174455-10118.jpg
INFO: [ app_init ] --START--
INFO: Run Behavior\BuildLiteBehavior [ RunTime:0.000000s ]
INFO: [ app_init ] --END-- [ RunTime:0.000000s ]

[ 2017-08-22T11:41:48+08:00 ] ::1 /think/index.php/Admin/Goods/img/20121018-174034-58977.jpg
INFO: [ app_init ] --START--
INFO: Run Behavior\BuildLiteBehavior [ RunTime:0.000000s ]
INFO: [ app_init ] --END-- [ RunTime:0.001000s ]

[ 2017-08-22T11:41:48+08:00 ] ::1 /think/index.php/Admin/Goods/img/20121018-174034-97960.jpg
INFO: [ app_init ] --START--
INFO: Run Behavior\BuildLiteBehavior [ RunTime:0.000000s ]
INFO: [ app_init ] --END-- [ RunTime:0.001000s ]

[ 2017-08-22T11:41:48+08:00 ] ::1 /think/index.php/Admin/Goods/img/20121018-174248-87501.jpg
INFO: [ app_init ] --START--
INFO: Run Behavior\BuildLiteBehavior [ RunTime:0.001000s ]
INFO: [ app_init ] --END-- [ RunTime:0.002000s ]

[ 2017-08-22T11:41:48+08:00 ] ::1 /think/index.php/Admin/Goods/img/20121018-174248-28718.jpg
INFO: [ app_init ] --START--
INFO: Run Behavior\BuildLiteBehavior [ RunTime:0.000000s ]
INFO: [ app_init ] --END-- [ RunTime:0.001000s ]

[ 2017-08-22T11:41:48+08:00 ] ::1 /think/index.php/Admin/Goods/img/20121018-174346-31424.jpg
INFO: [ app_init ] --START--
INFO: Run Behavior\BuildLiteBehavior [ RunTime:0.000000s ]
INFO: [ app_init ] --END-- [ RunTime:0.002000s ]

[ 2017-08-22T11:41:48+08:00 ] ::1 /think/index.php/Admin/Goods/img/20121018-174346-54660.jpg
INFO: [ app_init ] --START--
INFO: Run Behavior\BuildLiteBehavior [ RunTime:0.000000s ]
INFO: [ app_init ] --END-- [ RunTime:0.001000s ]

[ 2017-08-22T11:41:48+08:00 ] ::1 /think/index.php/Admin/Goods/img/20121018-174455-91962.jpg
INFO: [ app_init ] --START--
INFO: Run Behavior\BuildLiteBehavior [ RunTime:0.000000s ]
INFO: [ app_init ] --END-- [ RunTime:0.001000s ]

[ 2017-08-22T11:41:48+08:00 ] ::1 /think/index.php/Admin/Goods/img/20121018-174455-10118.jpg
INFO: [ app_init ] --START--
INFO: Run Behavior\BuildLiteBehavior [ RunTime:0.000000s ]
INFO: [ app_init ] --END-- [ RunTime:0.001000s ]

[ 2017-08-22T11:41:50+08:00 ] ::1 /think/index.php/Admin/Goods/img/20121018-174034-58977.jpg
INFO: [ app_init ] --START--
INFO: Run Behavior\BuildLiteBehavior [ RunTime:0.000000s ]
INFO: [ app_init ] --END-- [ RunTime:0.000000s ]

[ 2017-08-22T11:41:50+08:00 ] ::1 /think/index.php/Admin/Goods/img/20121018-174034-97960.jpg
INFO: [ app_init ] --START--
INFO: Run Behavior\BuildLiteBehavior [ RunTime:0.000000s ]
INFO: [ app_init ] --END-- [ RunTime:0.000000s ]

[ 2017-08-22T11:41:50+08:00 ] ::1 /think/index.php/Admin/Goods/img/20121018-174248-28718.jpg
INFO: [ app_init ] --START--
INFO: Run Behavior\BuildLiteBehavior [ RunTime:0.000000s ]
INFO: [ app_init ] --END-- [ RunTime:0.001000s ]

[ 2017-08-22T11:41:50+08:00 ] ::1 /think/index.php/Admin/Goods/img/20121018-174346-31424.jpg
INFO: [ app_init ] --START--
INFO: Run Behavior\BuildLiteBehavior [ RunTime:0.000000s ]
INFO: [ app_init ] --END-- [ RunTime:0.000000s ]

[ 2017-08-22T11:41:50+08:00 ] ::1 /think/index.php/Admin/Goods/img/20121018-174455-91962.jpg
INFO: [ app_init ] --START--
INFO: Run Behavior\BuildLiteBehavior [ RunTime:0.000000s ]
INFO: [ app_init ] --END-- [ RunTime:0.000000s ]

[ 2017-08-22T11:41:50+08:00 ] ::1 /think/index.php/Admin/Goods/img/20121018-174455-10118.jpg
INFO: [ app_init ] --START--
INFO: Run Behavior\BuildLiteBehavior [ RunTime:0.000000s ]
INFO: [ app_init ] --END-- [ RunTime:0.000000s ]

[ 2017-08-22T11:41:50+08:00 ] ::1 /think/index.php/Admin/Goods/img/20121018-174248-87501.jpg
INFO: [ app_init ] --START--
INFO: Run Behavior\BuildLiteBehavior [ RunTime:0.000000s ]
INFO: [ app_init ] --END-- [ RunTime:0.000000s ]

[ 2017-08-22T11:41:50+08:00 ] ::1 /think/index.php/Admin/Goods/img/20121018-174346-54660.jpg
INFO: [ app_init ] --START--
INFO: Run Behavior\BuildLiteBehavior [ RunTime:0.000000s ]
INFO: [ app_init ] --END-- [ RunTime:0.001000s ]

[ 2017-08-22T14:34:39+08:00 ] ::1 /think/index.php/User/login
ERR: 无法加载模块:User

[ 2017-08-22T14:34:43+08:00 ] ::1 /think/index.php/User/login
ERR: 无法加载模块:User

[ 2017-08-22T14:34:43+08:00 ] ::1 /think/index.php/User/login
ERR: 无法加载模块:User

[ 2017-08-22T14:34:44+08:00 ] ::1 /think/index.php/User/login
ERR: 无法加载模块:User

[ 2017-08-22T14:35:17+08:00 ] ::1 /think/index.php/User/login
ERR: 无法加载模块:User

