[ 2017-08-22T14:16:35+08:00 ] ::1 /think/index.php/
ERR: 无法加载控制器:

[ 2017-08-22T14:32:22+08:00 ] ::1 /think/index.php/User/login
INFO: [ app_init ] --START--
INFO: Run Behavior\BuildLiteBehavior [ RunTime:0.000000s ]
INFO: [ app_init ] --END-- [ RunTime:0.000000s ]
INFO: [ app_begin ] --START--
INFO: Run Behavior\ReadHtmlCacheBehavior [ RunTime:0.001000s ]
INFO: [ app_begin ] --END-- [ RunTime:0.001000s ]
INFO: [ view_parse ] --START--
INFO: [ template_filter ] --START--
INFO: Run Behavior\ContentReplaceBehavior [ RunTime:0.000000s ]
INFO: [ template_filter ] --END-- [ RunTime:0.000000s ]
INFO: Run Behavior\ParseTemplateBehavior [ RunTime:0.008000s ]
INFO: [ view_parse ] --END-- [ RunTime:0.009000s ]
INFO: [ view_filter ] --START--
INFO: Run Behavior\WriteHtmlCacheBehavior [ RunTime:0.000000s ]
INFO: [ view_filter ] --END-- [ RunTime:0.000000s ]
INFO: [ app_end ] --START--
INFO: Run Behavior\ShowPageTraceBehavior [ RunTime:0.000000s ]
INFO: [ app_end ] --END-- [ RunTime:0.000000s ]

[ 2017-08-22T14:33:29+08:00 ] ::1 /think/index.php/User/login
INFO: [ app_init ] --START--
INFO: Run Behavior\BuildLiteBehavior [ RunTime:0.000000s ]
INFO: [ app_init ] --END-- [ RunTime:0.001000s ]
INFO: [ app_begin ] --START--
INFO: Run Behavior\ReadHtmlCacheBehavior [ RunTime:0.001000s ]
INFO: [ app_begin ] --END-- [ RunTime:0.001000s ]
INFO: [ view_parse ] --START--
INFO: [ template_filter ] --START--
INFO: Run Behavior\ContentReplaceBehavior [ RunTime:0.000000s ]
INFO: [ template_filter ] --END-- [ RunTime:0.000000s ]
INFO: Run Behavior\ParseTemplateBehavior [ RunTime:0.007000s ]
INFO: [ view_parse ] --END-- [ RunTime:0.008000s ]
INFO: [ view_filter ] --START--
INFO: Run Behavior\WriteHtmlCacheBehavior [ RunTime:0.000000s ]
INFO: [ view_filter ] --END-- [ RunTime:0.000000s ]
INFO: [ app_end ] --START--
INFO: Run Behavior\ShowPageTraceBehavior [ RunTime:0.001000s ]
INFO: [ app_end ] --END-- [ RunTime:0.001000s ]

[ 2017-08-22T14:33:30+08:00 ] ::1 /think/index.php/User/login
INFO: [ app_init ] --START--
INFO: Run Behavior\BuildLiteBehavior [ RunTime:0.000000s ]
INFO: [ app_init ] --END-- [ RunTime:0.000000s ]
INFO: [ app_begin ] --START--
INFO: Run Behavior\ReadHtmlCacheBehavior [ RunTime:0.000000s ]
INFO: [ app_begin ] --END-- [ RunTime:0.001000s ]
INFO: [ view_parse ] --START--
INFO: [ template_filter ] --START--
INFO: Run Behavior\ContentReplaceBehavior [ RunTime:0.000000s ]
INFO: [ template_filter ] --END-- [ RunTime:0.001000s ]
INFO: Run Behavior\ParseTemplateBehavior [ RunTime:0.007000s ]
INFO: [ view_parse ] --END-- [ RunTime:0.007000s ]
INFO: [ view_filter ] --START--
INFO: Run Behavior\WriteHtmlCacheBehavior [ RunTime:0.001000s ]
INFO: [ view_filter ] --END-- [ RunTime:0.001000s ]
INFO: [ app_end ] --START--
INFO: Run Behavior\ShowPageTraceBehavior [ RunTime:0.001000s ]
INFO: [ app_end ] --END-- [ RunTime:0.001000s ]

[ 2017-08-22T14:33:30+08:00 ] ::1 /think/index.php/User/login
INFO: [ app_init ] --START--
INFO: Run Behavior\BuildLiteBehavior [ RunTime:0.000000s ]
INFO: [ app_init ] --END-- [ RunTime:0.000000s ]
INFO: [ app_begin ] --START--
INFO: Run Behavior\ReadHtmlCacheBehavior [ RunTime:0.000000s ]
INFO: [ app_begin ] --END-- [ RunTime:0.001000s ]
INFO: [ view_parse ] --START--
INFO: [ template_filter ] --START--
INFO: Run Behavior\ContentReplaceBehavior [ RunTime:0.000000s ]
INFO: [ template_filter ] --END-- [ RunTime:0.001000s ]
INFO: Run Behavior\ParseTemplateBehavior [ RunTime:0.007000s ]
INFO: [ view_parse ] --END-- [ RunTime:0.008000s ]
INFO: [ view_filter ] --START--
INFO: Run Behavior\WriteHtmlCacheBehavior [ RunTime:0.000000s ]
INFO: [ view_filter ] --END-- [ RunTime:0.000000s ]
INFO: [ app_end ] --START--
INFO: Run Behavior\ShowPageTraceBehavior [ RunTime:0.000000s ]
INFO: [ app_end ] --END-- [ RunTime:0.000000s ]

[ 2017-08-22T14:33:30+08:00 ] ::1 /think/index.php/User/login
INFO: [ app_init ] --START--
INFO: Run Behavior\BuildLiteBehavior [ RunTime:0.000000s ]
INFO: [ app_init ] --END-- [ RunTime:0.001000s ]
INFO: [ app_begin ] --START--
INFO: Run Behavior\ReadHtmlCacheBehavior [ RunTime:0.001000s ]
INFO: [ app_begin ] --END-- [ RunTime:0.001000s ]
INFO: [ view_parse ] --START--
INFO: [ template_filter ] --START--
INFO: Run Behavior\ContentReplaceBehavior [ RunTime:0.000000s ]
INFO: [ template_filter ] --END-- [ RunTime:0.000000s ]
INFO: Run Behavior\ParseTemplateBehavior [ RunTime:0.008000s ]
INFO: [ view_parse ] --END-- [ RunTime:0.008000s ]
INFO: [ view_filter ] --START--
INFO: Run Behavior\WriteHtmlCacheBehavior [ RunTime:0.000000s ]
INFO: [ view_filter ] --END-- [ RunTime:0.000000s ]
INFO: [ app_end ] --START--
INFO: Run Behavior\ShowPageTraceBehavior [ RunTime:0.001000s ]
INFO: [ app_end ] --END-- [ RunTime:0.002000s ]

[ 2017-08-22T14:33:31+08:00 ] ::1 /think/index.php/User/login
INFO: [ app_init ] --START--
INFO: Run Behavior\BuildLiteBehavior [ RunTime:0.000000s ]
INFO: [ app_init ] --END-- [ RunTime:0.001000s ]
INFO: [ app_begin ] --START--
INFO: Run Behavior\ReadHtmlCacheBehavior [ RunTime:0.001000s ]
INFO: [ app_begin ] --END-- [ RunTime:0.001000s ]
INFO: [ view_parse ] --START--
INFO: [ template_filter ] --START--
INFO: Run Behavior\ContentReplaceBehavior [ RunTime:0.000000s ]
INFO: [ template_filter ] --END-- [ RunTime:0.000000s ]
INFO: Run Behavior\ParseTemplateBehavior [ RunTime:0.009000s ]
INFO: [ view_parse ] --END-- [ RunTime:0.009000s ]
INFO: [ view_filter ] --START--
INFO: Run Behavior\WriteHtmlCacheBehavior [ RunTime:0.000000s ]
INFO: [ view_filter ] --END-- [ RunTime:0.000000s ]
INFO: [ app_end ] --START--
INFO: Run Behavior\ShowPageTraceBehavior [ RunTime:0.001000s ]
INFO: [ app_end ] --END-- [ RunTime:0.001000s ]

[ 2017-08-22T14:33:31+08:00 ] ::1 /think/index.php/User/login
INFO: [ app_init ] --START--
INFO: Run Behavior\BuildLiteBehavior [ RunTime:0.000000s ]
INFO: [ app_init ] --END-- [ RunTime:0.000000s ]
INFO: [ app_begin ] --START--
INFO: Run Behavior\ReadHtmlCacheBehavior [ RunTime:0.001000s ]
INFO: [ app_begin ] --END-- [ RunTime:0.001000s ]
INFO: [ view_parse ] --START--
INFO: [ template_filter ] --START--
INFO: Run Behavior\ContentReplaceBehavior [ RunTime:0.000000s ]
INFO: [ template_filter ] --END-- [ RunTime:0.000000s ]
INFO: Run Behavior\ParseTemplateBehavior [ RunTime:0.007000s ]
INFO: [ view_parse ] --END-- [ RunTime:0.007000s ]
INFO: [ view_filter ] --START--
INFO: Run Behavior\WriteHtmlCacheBehavior [ RunTime:0.000000s ]
INFO: [ view_filter ] --END-- [ RunTime:0.000000s ]
INFO: [ app_end ] --START--
INFO: Run Behavior\ShowPageTraceBehavior [ RunTime:0.001000s ]
INFO: [ app_end ] --END-- [ RunTime:0.001000s ]

[ 2017-08-22T14:34:05+08:00 ] ::1 /think/index.php/User/login
INFO: [ app_init ] --START--
INFO: Run Behavior\BuildLiteBehavior [ RunTime:0.000000s ]
INFO: [ app_init ] --END-- [ RunTime:0.000000s ]

[ 2017-08-22T14:34:49+08:00 ] ::1 /think/index.php/User/login
INFO: [ app_init ] --START--
INFO: Run Behavior\BuildLiteBehavior [ RunTime:0.000000s ]
INFO: [ app_init ] --END-- [ RunTime:0.000000s ]

[ 2017-08-22T14:53:07+08:00 ] ::1 /think/index.php/
INFO: [ app_init ] --START--
INFO: Run Behavior\BuildLiteBehavior [ RunTime:0.000000s ]
INFO: [ app_init ] --END-- [ RunTime:0.000000s ]
ERR: 无法加载控制器:

[ 2017-08-22T14:53:47+08:00 ] ::1 /think/index.php/Home/User/login
INFO: [ app_init ] --START--
INFO: Run Behavior\BuildLiteBehavior [ RunTime:0.000000s ]
INFO: [ app_init ] --END-- [ RunTime:0.001000s ]

[ 2017-08-22T14:53:57+08:00 ] ::1 /think/index.php/
INFO: [ app_init ] --START--
INFO: Run Behavior\BuildLiteBehavior [ RunTime:0.000000s ]
INFO: [ app_init ] --END-- [ RunTime:0.001000s ]
ERR: 无法加载控制器:

[ 2017-08-22T14:56:59+08:00 ] ::1 /think/index.php/
INFO: [ app_init ] --START--
INFO: Run Behavior\BuildLiteBehavior [ RunTime:0.000000s ]
INFO: [ app_init ] --END-- [ RunTime:0.001000s ]
ERR: 无法加载控制器:

[ 2017-08-22T14:56:59+08:00 ] ::1 /think/index.php/
INFO: [ app_init ] --START--
INFO: Run Behavior\BuildLiteBehavior [ RunTime:0.000000s ]
INFO: [ app_init ] --END-- [ RunTime:0.001000s ]
ERR: 无法加载控制器:

[ 2017-08-22T14:56:59+08:00 ] ::1 /think/index.php/
INFO: [ app_init ] --START--
INFO: Run Behavior\BuildLiteBehavior [ RunTime:0.000000s ]
INFO: [ app_init ] --END-- [ RunTime:0.000000s ]
ERR: 无法加载控制器:

[ 2017-08-22T14:59:20+08:00 ] ::1 /think/index.php/
INFO: [ app_init ] --START--
INFO: Run Behavior\BuildLiteBehavior [ RunTime:0.000000s ]
INFO: [ app_init ] --END-- [ RunTime:0.000000s ]
ERR: 无法加载控制器:

[ 2017-08-22T14:59:20+08:00 ] ::1 /think/index.php/
INFO: [ app_init ] --START--
INFO: Run Behavior\BuildLiteBehavior [ RunTime:0.000000s ]
INFO: [ app_init ] --END-- [ RunTime:0.001000s ]
ERR: 无法加载控制器:

[ 2017-08-22T14:59:21+08:00 ] ::1 /think/index.php/
INFO: [ app_init ] --START--
INFO: Run Behavior\BuildLiteBehavior [ RunTime:0.000000s ]
INFO: [ app_init ] --END-- [ RunTime:0.000000s ]
ERR: 无法加载控制器:

[ 2017-08-22T14:59:21+08:00 ] ::1 /think/index.php/
INFO: [ app_init ] --START--
INFO: Run Behavior\BuildLiteBehavior [ RunTime:0.000000s ]
INFO: [ app_init ] --END-- [ RunTime:0.000000s ]
ERR: 无法加载控制器:

[ 2017-08-22T14:59:52+08:00 ] ::1 /think/index.php/Home/Index/index
INFO: [ app_init ] --START--
INFO: Run Behavior\BuildLiteBehavior [ RunTime:0.000000s ]
INFO: [ app_init ] --END-- [ RunTime:0.000000s ]

[ 2017-08-22T15:00:58+08:00 ] ::1 /think/index.php/Home/Index/index
INFO: [ app_init ] --START--
INFO: Run Behavior\BuildLiteBehavior [ RunTime:0.000000s ]
INFO: [ app_init ] --END-- [ RunTime:0.001000s ]
ERR: 系统不支持: Think\Template\Driver\Samrty

[ 2017-08-22T15:01:01+08:00 ] ::1 /think/index.php/Home/Index/index
INFO: [ app_init ] --START--
INFO: Run Behavior\BuildLiteBehavior [ RunTime:0.000000s ]
INFO: [ app_init ] --END-- [ RunTime:0.001000s ]
ERR: 系统不支持: Think\Template\Driver\Samrty

[ 2017-08-22T15:09:15+08:00 ] ::1 /think/index.php/Home/Index/index
INFO: [ app_init ] --START--
INFO: Run Behavior\BuildLiteBehavior [ RunTime:0.000000s ]
INFO: [ app_init ] --END-- [ RunTime:0.001000s ]
ERR: 系统不支持: Think\Template\Driver\Samrty

[ 2017-08-22T15:10:13+08:00 ] ::1 /think/index.php/Home/Index/index
INFO: [ app_init ] --START--
INFO: Run Behavior\BuildLiteBehavior [ RunTime:0.000000s ]
INFO: [ app_init ] --END-- [ RunTime:0.000000s ]
ERR: 系统不支持: Think\Template\Driver\Samrty

[ 2017-08-22T15:11:10+08:00 ] ::1 /think/index.php/Home/Index/index
INFO: [ app_init ] --START--
INFO: Run Behavior\BuildLiteBehavior [ RunTime:0.000000s ]
INFO: [ app_init ] --END-- [ RunTime:0.001000s ]
ERR: Syntax Error in template "D:/wamp/www/think/Home/View\Index\index.html"  on line 15 "{aaaa}" unknown tag "aaaa"

[ 2017-08-22T15:11:52+08:00 ] ::1 /think/index.php/Home/Index/index
INFO: [ app_init ] --START--
INFO: Run Behavior\BuildLiteBehavior [ RunTime:0.000000s ]
INFO: [ app_init ] --END-- [ RunTime:0.001000s ]

[ 2017-08-22T15:11:52+08:00 ] ::1 /think/index.php/Home/Index/%3C?php%20echo%20PUBLIC_PATH?%3E/images/logo.gif
INFO: [ app_init ] --START--
INFO: Run Behavior\BuildLiteBehavior [ RunTime:0.000000s ]
INFO: [ app_init ] --END-- [ RunTime:0.001000s ]
ERR: 非法操作:

[ 2017-08-22T15:11:52+08:00 ] ::1 /think/index.php/Home/Index/%3C?php%20echo%20PUBLIC_PATH%20?%3E/css/style.css
INFO: [ app_init ] --START--
INFO: Run Behavior\BuildLiteBehavior [ RunTime:0.000000s ]
INFO: [ app_init ] --END-- [ RunTime:0.000000s ]
ERR: 非法操作:

[ 2017-08-22T15:11:52+08:00 ] ::1 /think/index.php/Home/Index/%3C?php%20echo%20PUBLIC_PATH?%3E/images/biao6.gif
INFO: [ app_init ] --START--
INFO: Run Behavior\BuildLiteBehavior [ RunTime:0.000000s ]
INFO: [ app_init ] --END-- [ RunTime:0.001000s ]
ERR: 非法操作:

[ 2017-08-22T15:11:52+08:00 ] ::1 /think/index.php/Home/Index/%3C?php%20echo%20PUBLIC_PATH?%3E/images/biao3.gif
INFO: [ app_init ] --START--
INFO: Run Behavior\BuildLiteBehavior [ RunTime:0.000000s ]
INFO: [ app_init ] --END-- [ RunTime:0.001000s ]
ERR: 非法操作:

[ 2017-08-22T15:11:52+08:00 ] ::1 /think/index.php/Home/Index/%3C?php%20echo%20PUBLIC_PATH?%3E/images/top_2.gif
INFO: [ app_init ] --START--
INFO: Run Behavior\BuildLiteBehavior [ RunTime:0.000000s ]
INFO: [ app_init ] --END-- [ RunTime:0.001000s ]
ERR: 非法操作:

[ 2017-08-22T15:11:52+08:00 ] ::1 /think/index.php/Home/Index/%3C?php%20echo%20PUBLIC_PATH?%3E/images/biao7.gif
INFO: [ app_init ] --START--
INFO: Run Behavior\BuildLiteBehavior [ RunTime:0.000000s ]
INFO: [ app_init ] --END-- [ RunTime:0.001000s ]
ERR: 非法操作:

[ 2017-08-22T15:11:52+08:00 ] ::1 /think/index.php/Home/Index/%3C?php%20echo%20PUBLIC_PATH?%3E/images/24_thumb_G_1241971981429.jpg
INFO: [ app_init ] --START--
INFO: Run Behavior\BuildLiteBehavior [ RunTime:0.000000s ]
INFO: [ app_init ] --END-- [ RunTime:0.001000s ]
ERR: 非法操作:

[ 2017-08-22T15:11:52+08:00 ] ::1 /think/index.php/Home/Index/%3C?php%20echo%20PUBLIC_PATH?%3E/images/top_1.gif
INFO: [ app_init ] --START--
INFO: Run Behavior\BuildLiteBehavior [ RunTime:0.000000s ]
INFO: [ app_init ] --END-- [ RunTime:0.001000s ]
ERR: 非法操作:

[ 2017-08-22T15:11:52+08:00 ] ::1 /think/index.php/Home/Index/%3C?php%20echo%20PUBLIC_PATH?%3E/images/3_thumb_G_1241422082679.jpg
INFO: [ app_init ] --START--
INFO: Run Behavior\BuildLiteBehavior [ RunTime:0.000000s ]
INFO: [ app_init ] --END-- [ RunTime:0.000000s ]
ERR: 非法操作:

[ 2017-08-22T15:11:52+08:00 ] ::1 /think/index.php/Home/Index/%3C?php%20echo%20PUBLIC_PATH?%3E/images/top_4.gif
INFO: [ app_init ] --START--
INFO: Run Behavior\BuildLiteBehavior [ RunTime:0.000000s ]
INFO: [ app_init ] --END-- [ RunTime:0.000000s ]
ERR: 非法操作:

[ 2017-08-22T15:11:52+08:00 ] ::1 /think/index.php/Home/Index/%3C?php%20echo%20PUBLIC_PATH?%3E/images/top_3.gif
INFO: [ app_init ] --START--
INFO: Run Behavior\BuildLiteBehavior [ RunTime:0.000000s ]
INFO: [ app_init ] --END-- [ RunTime:0.001000s ]
ERR: 非法操作:

[ 2017-08-22T15:11:52+08:00 ] ::1 /think/index.php/Home/Index/%3C?php%20echo%20PUBLIC_PATH?%3E/images/12_thumb_G_1241965978410.jpg
INFO: [ app_init ] --START--
INFO: Run Behavior\BuildLiteBehavior [ RunTime:0.000000s ]
INFO: [ app_init ] --END-- [ RunTime:0.000000s ]
ERR: 非法操作:

[ 2017-08-22T15:11:52+08:00 ] ::1 /think/index.php/Home/Index/%3C?php%20echo%20PUBLIC_PATH?%3E/images/top_5.gif
INFO: [ app_init ] --START--
INFO: Run Behavior\BuildLiteBehavior [ RunTime:0.000000s ]
INFO: [ app_init ] --END-- [ RunTime:0.001000s ]
ERR: 非法操作:

[ 2017-08-22T15:11:52+08:00 ] ::1 /think/index.php/Home/Index/%3C?php%20echo%20PUBLIC_PATH?%3E/images/sousuo.gif
INFO: [ app_init ] --START--
INFO: Run Behavior\BuildLiteBehavior [ RunTime:0.000000s ]
INFO: [ app_init ] --END-- [ RunTime:0.002000s ]
ERR: 非法操作:

[ 2017-08-22T15:11:52+08:00 ] ::1 /think/index.php/Home/Index/%3C?php%20echo%20PUBLIC_PATH?%3E/images/top_6.gif
INFO: [ app_init ] --START--
INFO: Run Behavior\BuildLiteBehavior [ RunTime:0.000000s ]
INFO: [ app_init ] --END-- [ RunTime:0.000000s ]
ERR: 非法操作:

[ 2017-08-22T15:11:52+08:00 ] ::1 /think/index.php/Home/Index/%3C?php%20echo%20PUBLIC_PATH?%3E/images/top_7.gif
INFO: [ app_init ] --START--
INFO: Run Behavior\BuildLiteBehavior [ RunTime:0.000000s ]
INFO: [ app_init ] --END-- [ RunTime:0.006000s ]
ERR: 非法操作:

[ 2017-08-22T15:11:52+08:00 ] ::1 /think/index.php/Home/Index/%3C?php%20echo%20PUBLIC_PATH?%3E/images/1240803062307572427.gif
INFO: [ app_init ] --START--
INFO: Run Behavior\BuildLiteBehavior [ RunTime:0.001000s ]
INFO: [ app_init ] --END-- [ RunTime:0.001000s ]
ERR: 非法操作:

[ 2017-08-22T15:11:52+08:00 ] ::1 /think/index.php/Home/Index/%3C?php%20echo%20PUBLIC_PATH?%3E/images/1240802922410634065.gif
INFO: [ app_init ] --START--
INFO: Run Behavior\BuildLiteBehavior [ RunTime:0.000000s ]
INFO: [ app_init ] --END-- [ RunTime:0.001000s ]
ERR: 非法操作:

[ 2017-08-22T15:11:52+08:00 ] ::1 /think/index.php/Home/Index/%3C?php%20echo%20PUBLIC_PATH?%3E/images/111.jpg
INFO: [ app_init ] --START--
INFO: Run Behavior\BuildLiteBehavior [ RunTime:0.000000s ]
INFO: [ app_init ] --END-- [ RunTime:0.001000s ]
ERR: 非法操作:

[ 2017-08-22T15:11:52+08:00 ] ::1 /think/index.php/Home/Index/%3C?php%20echo%20PUBLIC_PATH?%3E/images/1240803144788047486.gif
INFO: [ app_init ] --START--
INFO: Run Behavior\BuildLiteBehavior [ RunTime:0.000000s ]
INFO: [ app_init ] --END-- [ RunTime:0.003000s ]
ERR: 非法操作:

[ 2017-08-22T15:11:52+08:00 ] ::1 /think/index.php/Home/Index/%3C?php%20echo%20PUBLIC_PATH?%3E/images/9_thumb_G_1241511871555.jpg
INFO: [ app_init ] --START--
INFO: Run Behavior\BuildLiteBehavior [ RunTime:0.000000s ]
INFO: [ app_init ] --END-- [ RunTime:0.000000s ]
ERR: 非法操作:

[ 2017-08-22T15:11:52+08:00 ] ::1 /think/index.php/Home/Index/%3C?php%20echo%20PUBLIC_PATH?%3E/images/1_thumb_G_1240902890710.jpg
INFO: [ app_init ] --START--
INFO: Run Behavior\BuildLiteBehavior [ RunTime:0.000000s ]
INFO: [ app_init ] --END-- [ RunTime:0.001000s ]
ERR: 非法操作:

[ 2017-08-22T15:11:52+08:00 ] ::1 /think/index.php/Home/Index/%3C?php%20echo%20PUBLIC_PATH?%3E/images/ecmoban_link.jpg
INFO: [ app_init ] --START--
INFO: Run Behavior\BuildLiteBehavior [ RunTime:0.001000s ]
INFO: [ app_init ] --END-- [ RunTime:0.001000s ]
ERR: 非法操作:

[ 2017-08-22T15:11:52+08:00 ] ::1 /think/index.php/Home/Index/%3C?php%20echo%20PUBLIC_PATH?%3E/images/8_thumb_G_1241425513488.jpg
INFO: [ app_init ] --START--
INFO: Run Behavior\BuildLiteBehavior [ RunTime:0.000000s ]
INFO: [ app_init ] --END-- [ RunTime:0.000000s ]
ERR: 非法操作:

[ 2017-08-22T15:11:52+08:00 ] ::1 /think/index.php/Home/Index/%3C?php%20echo%20PUBLIC_PATH?%3E/images/di.jpg
INFO: [ app_init ] --START--
INFO: Run Behavior\BuildLiteBehavior [ RunTime:0.001000s ]
INFO: [ app_init ] --END-- [ RunTime:0.001000s ]
ERR: 非法操作:

[ 2017-08-22T15:11:52+08:00 ] ::1 /think/index.php/Home/Index/%3C?php%20echo%20PUBLIC_PATH?%3E/images/yongda_logo.gif
INFO: [ app_init ] --START--
INFO: Run Behavior\BuildLiteBehavior [ RunTime:0.000000s ]
INFO: [ app_init ] --END-- [ RunTime:0.001000s ]
ERR: 非法操作:

[ 2017-08-22T15:11:54+08:00 ] ::1 /think/index.php/Home/Index/index
INFO: [ app_init ] --START--
INFO: Run Behavior\BuildLiteBehavior [ RunTime:0.000000s ]
INFO: [ app_init ] --END-- [ RunTime:0.001000s ]

[ 2017-08-22T15:11:54+08:00 ] ::1 /think/index.php/Home/Index/%3C?php%20echo%20PUBLIC_PATH?%3E/images/logo.gif
INFO: [ app_init ] --START--
INFO: Run Behavior\BuildLiteBehavior [ RunTime:0.000000s ]
INFO: [ app_init ] --END-- [ RunTime:0.001000s ]
ERR: 非法操作:

[ 2017-08-22T15:11:54+08:00 ] ::1 /think/index.php/Home/Index/%3C?php%20echo%20PUBLIC_PATH%20?%3E/css/style.css
INFO: [ app_init ] --START--
INFO: Run Behavior\BuildLiteBehavior [ RunTime:0.000000s ]
INFO: [ app_init ] --END-- [ RunTime:0.001000s ]
ERR: 非法操作:

[ 2017-08-22T15:11:54+08:00 ] ::1 /think/index.php/Home/Index/%3C?php%20echo%20PUBLIC_PATH?%3E/images/biao6.gif
INFO: [ app_init ] --START--
INFO: Run Behavior\BuildLiteBehavior [ RunTime:0.000000s ]
INFO: [ app_init ] --END-- [ RunTime:0.000000s ]
ERR: 非法操作:

[ 2017-08-22T15:11:54+08:00 ] ::1 /think/index.php/Home/Index/%3C?php%20echo%20PUBLIC_PATH?%3E/images/biao3.gif
INFO: [ app_init ] --START--
INFO: Run Behavior\BuildLiteBehavior [ RunTime:0.000000s ]
INFO: [ app_init ] --END-- [ RunTime:0.001000s ]
ERR: 非法操作:

[ 2017-08-22T15:11:54+08:00 ] ::1 /think/index.php/Home/Index/%3C?php%20echo%20PUBLIC_PATH?%3E/images/biao7.gif
INFO: [ app_init ] --START--
INFO: Run Behavior\BuildLiteBehavior [ RunTime:0.000000s ]
INFO: [ app_init ] --END-- [ RunTime:0.004000s ]
ERR: 非法操作:

[ 2017-08-22T15:11:54+08:00 ] ::1 /think/index.php/Home/Index/%3C?php%20echo%20PUBLIC_PATH?%3E/images/top_1.gif
INFO: [ app_init ] --START--
INFO: Run Behavior\BuildLiteBehavior [ RunTime:0.000000s ]
INFO: [ app_init ] --END-- [ RunTime:0.002000s ]
ERR: 非法操作:

[ 2017-08-22T15:11:54+08:00 ] ::1 /think/index.php/Home/Index/%3C?php%20echo%20PUBLIC_PATH?%3E/images/top_2.gif
INFO: [ app_init ] --START--
INFO: Run Behavior\BuildLiteBehavior [ RunTime:0.000000s ]
INFO: [ app_init ] --END-- [ RunTime:0.001000s ]
ERR: 非法操作:

[ 2017-08-22T15:11:54+08:00 ] ::1 /think/index.php/Home/Index/%3C?php%20echo%20PUBLIC_PATH?%3E/images/3_thumb_G_1241422082679.jpg
INFO: [ app_init ] --START--
INFO: Run Behavior\BuildLiteBehavior [ RunTime:0.001000s ]
INFO: [ app_init ] --END-- [ RunTime:0.004000s ]
ERR: 非法操作:

[ 2017-08-22T15:11:54+08:00 ] ::1 /think/index.php/Home/Index/%3C?php%20echo%20PUBLIC_PATH?%3E/images/top_4.gif
INFO: [ app_init ] --START--
INFO: Run Behavior\BuildLiteBehavior [ RunTime:0.000000s ]
INFO: [ app_init ] --END-- [ RunTime:0.000000s ]
ERR: 非法操作:

[ 2017-08-22T15:11:54+08:00 ] ::1 /think/index.php/Home/Index/%3C?php%20echo%20PUBLIC_PATH?%3E/images/sousuo.gif
INFO: [ app_init ] --START--
INFO: Run Behavior\BuildLiteBehavior [ RunTime:0.000000s ]
INFO: [ app_init ] --END-- [ RunTime:0.001000s ]
ERR: 非法操作:

[ 2017-08-22T15:11:54+08:00 ] ::1 /think/index.php/Home/Index/%3C?php%20echo%20PUBLIC_PATH?%3E/images/24_thumb_G_1241971981429.jpg
INFO: [ app_init ] --START--
INFO: Run Behavior\BuildLiteBehavior [ RunTime:0.000000s ]
INFO: [ app_init ] --END-- [ RunTime:0.001000s ]
ERR: 非法操作:

[ 2017-08-22T15:11:54+08:00 ] ::1 /think/index.php/Home/Index/%3C?php%20echo%20PUBLIC_PATH?%3E/images/12_thumb_G_1241965978410.jpg
INFO: [ app_init ] --START--
INFO: Run Behavior\BuildLiteBehavior [ RunTime:0.000000s ]
INFO: [ app_init ] --END-- [ RunTime:0.001000s ]
ERR: 非法操作:

[ 2017-08-22T15:11:54+08:00 ] ::1 /think/index.php/Home/Index/%3C?php%20echo%20PUBLIC_PATH?%3E/images/top_7.gif
INFO: [ app_init ] --START--
INFO: Run Behavior\BuildLiteBehavior [ RunTime:0.000000s ]
INFO: [ app_init ] --END-- [ RunTime:0.001000s ]
ERR: 非法操作:

[ 2017-08-22T15:11:54+08:00 ] ::1 /think/index.php/Home/Index/%3C?php%20echo%20PUBLIC_PATH?%3E/images/top_6.gif
INFO: [ app_init ] --START--
INFO: Run Behavior\BuildLiteBehavior [ RunTime:0.000000s ]
INFO: [ app_init ] --END-- [ RunTime:0.001000s ]
ERR: 非法操作:

[ 2017-08-22T15:11:54+08:00 ] ::1 /think/index.php/Home/Index/%3C?php%20echo%20PUBLIC_PATH?%3E/images/1240803062307572427.gif
INFO: [ app_init ] --START--
INFO: Run Behavior\BuildLiteBehavior [ RunTime:0.000000s ]
INFO: [ app_init ] --END-- [ RunTime:0.001000s ]
ERR: 非法操作:

[ 2017-08-22T15:11:54+08:00 ] ::1 /think/index.php/Home/Index/%3C?php%20echo%20PUBLIC_PATH?%3E/images/top_5.gif
INFO: [ app_init ] --START--
INFO: Run Behavior\BuildLiteBehavior [ RunTime:0.000000s ]
INFO: [ app_init ] --END-- [ RunTime:0.001000s ]
ERR: 非法操作:

[ 2017-08-22T15:11:54+08:00 ] ::1 /think/index.php/Home/Index/%3C?php%20echo%20PUBLIC_PATH?%3E/images/top_3.gif
INFO: [ app_init ] --START--
INFO: Run Behavior\BuildLiteBehavior [ RunTime:0.000000s ]
INFO: [ app_init ] --END-- [ RunTime:0.008000s ]
ERR: 非法操作:

[ 2017-08-22T15:11:54+08:00 ] ::1 /think/index.php/Home/Index/%3C?php%20echo%20PUBLIC_PATH?%3E/images/1240802922410634065.gif
INFO: [ app_init ] --START--
INFO: Run Behavior\BuildLiteBehavior [ RunTime:0.000000s ]
INFO: [ app_init ] --END-- [ RunTime:0.000000s ]
ERR: 非法操作:

[ 2017-08-22T15:11:54+08:00 ] ::1 /think/index.php/Home/Index/%3C?php%20echo%20PUBLIC_PATH?%3E/images/1240803144788047486.gif
INFO: [ app_init ] --START--
INFO: Run Behavior\BuildLiteBehavior [ RunTime:0.000000s ]
INFO: [ app_init ] --END-- [ RunTime:0.001000s ]
ERR: 非法操作:

[ 2017-08-22T15:11:54+08:00 ] ::1 /think/index.php/Home/Index/%3C?php%20echo%20PUBLIC_PATH?%3E/images/111.jpg
INFO: [ app_init ] --START--
INFO: Run Behavior\BuildLiteBehavior [ RunTime:0.000000s ]
INFO: [ app_init ] --END-- [ RunTime:0.000000s ]
ERR: 非法操作:

[ 2017-08-22T15:11:54+08:00 ] ::1 /think/index.php/Home/Index/%3C?php%20echo%20PUBLIC_PATH?%3E/images/1_thumb_G_1240902890710.jpg
INFO: [ app_init ] --START--
INFO: Run Behavior\BuildLiteBehavior [ RunTime:0.000000s ]
INFO: [ app_init ] --END-- [ RunTime:0.004000s ]
ERR: 非法操作:

[ 2017-08-22T15:11:54+08:00 ] ::1 /think/index.php/Home/Index/%3C?php%20echo%20PUBLIC_PATH?%3E/images/8_thumb_G_1241425513488.jpg
INFO: [ app_init ] --START--
INFO: Run Behavior\BuildLiteBehavior [ RunTime:0.000000s ]
INFO: [ app_init ] --END-- [ RunTime:0.001000s ]
ERR: 非法操作:

[ 2017-08-22T15:11:54+08:00 ] ::1 /think/index.php/Home/Index/%3C?php%20echo%20PUBLIC_PATH?%3E/images/9_thumb_G_1241511871555.jpg
INFO: [ app_init ] --START--
INFO: Run Behavior\BuildLiteBehavior [ RunTime:0.000000s ]
INFO: [ app_init ] --END-- [ RunTime:0.001000s ]
ERR: 非法操作:

[ 2017-08-22T15:11:54+08:00 ] ::1 /think/index.php/Home/Index/%3C?php%20echo%20PUBLIC_PATH?%3E/images/di.jpg
INFO: [ app_init ] --START--
INFO: Run Behavior\BuildLiteBehavior [ RunTime:0.000000s ]
INFO: [ app_init ] --END-- [ RunTime:0.000000s ]
ERR: 非法操作:

[ 2017-08-22T15:11:54+08:00 ] ::1 /think/index.php/Home/Index/%3C?php%20echo%20PUBLIC_PATH?%3E/images/yongda_logo.gif
INFO: [ app_init ] --START--
INFO: Run Behavior\BuildLiteBehavior [ RunTime:0.000000s ]
INFO: [ app_init ] --END-- [ RunTime:0.001000s ]
ERR: 非法操作:

[ 2017-08-22T15:11:54+08:00 ] ::1 /think/index.php/Home/Index/%3C?php%20echo%20PUBLIC_PATH?%3E/images/ecmoban_link.jpg
INFO: [ app_init ] --START--
INFO: Run Behavior\BuildLiteBehavior [ RunTime:0.000000s ]
INFO: [ app_init ] --END-- [ RunTime:0.000000s ]
ERR: 非法操作:

[ 2017-08-22T15:11:55+08:00 ] ::1 /think/index.php/Home/Index/index
INFO: [ app_init ] --START--
INFO: Run Behavior\BuildLiteBehavior [ RunTime:0.000000s ]
INFO: [ app_init ] --END-- [ RunTime:0.001000s ]

[ 2017-08-22T15:11:55+08:00 ] ::1 /think/index.php/Home/Index/%3C?php%20echo%20PUBLIC_PATH%20?%3E/css/style.css
INFO: [ app_init ] --START--
INFO: Run Behavior\BuildLiteBehavior [ RunTime:0.000000s ]
INFO: [ app_init ] --END-- [ RunTime:0.001000s ]
ERR: 非法操作:

[ 2017-08-22T15:11:55+08:00 ] ::1 /think/index.php/Home/Index/%3C?php%20echo%20PUBLIC_PATH?%3E/images/logo.gif
INFO: [ app_init ] --START--
INFO: Run Behavior\BuildLiteBehavior [ RunTime:0.000000s ]
INFO: [ app_init ] --END-- [ RunTime:0.001000s ]
ERR: 非法操作:

[ 2017-08-22T15:11:55+08:00 ] ::1 /think/index.php/Home/Index/%3C?php%20echo%20PUBLIC_PATH?%3E/images/biao6.gif
INFO: [ app_init ] --START--
INFO: Run Behavior\BuildLiteBehavior [ RunTime:0.000000s ]
INFO: [ app_init ] --END-- [ RunTime:0.001000s ]
ERR: 非法操作:

[ 2017-08-22T15:11:55+08:00 ] ::1 /think/index.php/Home/Index/%3C?php%20echo%20PUBLIC_PATH?%3E/images/biao3.gif
INFO: [ app_init ] --START--
INFO: Run Behavior\BuildLiteBehavior [ RunTime:0.001000s ]
INFO: [ app_init ] --END-- [ RunTime:0.002000s ]
ERR: 非法操作:

[ 2017-08-22T15:11:55+08:00 ] ::1 /think/index.php/Home/Index/%3C?php%20echo%20PUBLIC_PATH?%3E/images/biao7.gif
INFO: [ app_init ] --START--
INFO: Run Behavior\BuildLiteBehavior [ RunTime:0.000000s ]
INFO: [ app_init ] --END-- [ RunTime:0.003000s ]
ERR: 非法操作:

[ 2017-08-22T15:11:55+08:00 ] ::1 /think/index.php/Home/Index/%3C?php%20echo%20PUBLIC_PATH?%3E/images/top_2.gif
INFO: [ app_init ] --START--
INFO: Run Behavior\BuildLiteBehavior [ RunTime:0.000000s ]
INFO: [ app_init ] --END-- [ RunTime:0.002000s ]
ERR: 非法操作:

[ 2017-08-22T15:11:55+08:00 ] ::1 /think/index.php/Home/Index/%3C?php%20echo%20PUBLIC_PATH?%3E/images/top_1.gif
INFO: [ app_init ] --START--
INFO: Run Behavior\BuildLiteBehavior [ RunTime:0.000000s ]
INFO: [ app_init ] --END-- [ RunTime:0.000000s ]
ERR: 非法操作:

[ 2017-08-22T15:11:55+08:00 ] ::1 /think/index.php/Home/Index/%3C?php%20echo%20PUBLIC_PATH?%3E/images/3_thumb_G_1241422082679.jpg
INFO: [ app_init ] --START--
INFO: Run Behavior\BuildLiteBehavior [ RunTime:0.000000s ]
INFO: [ app_init ] --END-- [ RunTime:0.001000s ]
ERR: 非法操作:

[ 2017-08-22T15:11:55+08:00 ] ::1 /think/index.php/Home/Index/%3C?php%20echo%20PUBLIC_PATH?%3E/images/sousuo.gif
INFO: [ app_init ] --START--
INFO: Run Behavior\BuildLiteBehavior [ RunTime:0.000000s ]
INFO: [ app_init ] --END-- [ RunTime:0.001000s ]
ERR: 非法操作:

[ 2017-08-22T15:11:55+08:00 ] ::1 /think/index.php/Home/Index/%3C?php%20echo%20PUBLIC_PATH?%3E/images/24_thumb_G_1241971981429.jpg
INFO: [ app_init ] --START--
INFO: Run Behavior\BuildLiteBehavior [ RunTime:0.001000s ]
INFO: [ app_init ] --END-- [ RunTime:0.001000s ]
ERR: 非法操作:

[ 2017-08-22T15:11:55+08:00 ] ::1 /think/index.php/Home/Index/%3C?php%20echo%20PUBLIC_PATH?%3E/images/top_3.gif
INFO: [ app_init ] --START--
INFO: Run Behavior\BuildLiteBehavior [ RunTime:0.000000s ]
INFO: [ app_init ] --END-- [ RunTime:0.001000s ]
ERR: 非法操作:

[ 2017-08-22T15:11:55+08:00 ] ::1 /think/index.php/Home/Index/%3C?php%20echo%20PUBLIC_PATH?%3E/images/top_6.gif
INFO: [ app_init ] --START--
INFO: Run Behavior\BuildLiteBehavior [ RunTime:0.000000s ]
INFO: [ app_init ] --END-- [ RunTime:0.002000s ]
ERR: 非法操作:

[ 2017-08-22T15:11:55+08:00 ] ::1 /think/index.php/Home/Index/%3C?php%20echo%20PUBLIC_PATH?%3E/images/1240803062307572427.gif
INFO: [ app_init ] --START--
INFO: Run Behavior\BuildLiteBehavior [ RunTime:0.000000s ]
INFO: [ app_init ] --END-- [ RunTime:0.002000s ]
ERR: 非法操作:

[ 2017-08-22T15:11:55+08:00 ] ::1 /think/index.php/Home/Index/%3C?php%20echo%20PUBLIC_PATH?%3E/images/top_5.gif
INFO: [ app_init ] --START--
INFO: Run Behavior\BuildLiteBehavior [ RunTime:0.000000s ]
INFO: [ app_init ] --END-- [ RunTime:0.001000s ]
ERR: 非法操作:

[ 2017-08-22T15:11:55+08:00 ] ::1 /think/index.php/Home/Index/%3C?php%20echo%20PUBLIC_PATH?%3E/images/top_4.gif
INFO: [ app_init ] --START--
INFO: Run Behavior\BuildLiteBehavior [ RunTime:0.000000s ]
INFO: [ app_init ] --END-- [ RunTime:0.001000s ]
ERR: 非法操作:

[ 2017-08-22T15:11:55+08:00 ] ::1 /think/index.php/Home/Index/%3C?php%20echo%20PUBLIC_PATH?%3E/images/12_thumb_G_1241965978410.jpg
INFO: [ app_init ] --START--
INFO: Run Behavior\BuildLiteBehavior [ RunTime:0.000000s ]
INFO: [ app_init ] --END-- [ RunTime:0.001000s ]
ERR: 非法操作:

[ 2017-08-22T15:11:55+08:00 ] ::1 /think/index.php/Home/Index/%3C?php%20echo%20PUBLIC_PATH?%3E/images/1240802922410634065.gif
INFO: [ app_init ] --START--
INFO: Run Behavior\BuildLiteBehavior [ RunTime:0.000000s ]
INFO: [ app_init ] --END-- [ RunTime:0.001000s ]
ERR: 非法操作:

[ 2017-08-22T15:11:55+08:00 ] ::1 /think/index.php/Home/Index/%3C?php%20echo%20PUBLIC_PATH?%3E/images/1240803144788047486.gif
INFO: [ app_init ] --START--
INFO: Run Behavior\BuildLiteBehavior [ RunTime:0.000000s ]
INFO: [ app_init ] --END-- [ RunTime:0.001000s ]
ERR: 非法操作:

[ 2017-08-22T15:11:55+08:00 ] ::1 /think/index.php/Home/Index/%3C?php%20echo%20PUBLIC_PATH?%3E/images/9_thumb_G_1241511871555.jpg
INFO: [ app_init ] --START--
INFO: Run Behavior\BuildLiteBehavior [ RunTime:0.000000s ]
INFO: [ app_init ] --END-- [ RunTime:0.001000s ]
ERR: 非法操作:

[ 2017-08-22T15:11:55+08:00 ] ::1 /think/index.php/Home/Index/%3C?php%20echo%20PUBLIC_PATH?%3E/images/8_thumb_G_1241425513488.jpg
INFO: [ app_init ] --START--
INFO: Run Behavior\BuildLiteBehavior [ RunTime:0.000000s ]
INFO: [ app_init ] --END-- [ RunTime:0.001000s ]
ERR: 非法操作:

[ 2017-08-22T15:11:55+08:00 ] ::1 /think/index.php/Home/Index/%3C?php%20echo%20PUBLIC_PATH?%3E/images/1_thumb_G_1240902890710.jpg
INFO: [ app_init ] --START--
INFO: Run Behavior\BuildLiteBehavior [ RunTime:0.000000s ]
INFO: [ app_init ] --END-- [ RunTime:0.001000s ]
ERR: 非法操作:

[ 2017-08-22T15:11:55+08:00 ] ::1 /think/index.php/Home/Index/%3C?php%20echo%20PUBLIC_PATH?%3E/images/di.jpg
INFO: [ app_init ] --START--
INFO: Run Behavior\BuildLiteBehavior [ RunTime:0.000000s ]
INFO: [ app_init ] --END-- [ RunTime:0.000000s ]
ERR: 非法操作:

[ 2017-08-22T15:11:55+08:00 ] ::1 /think/index.php/Home/Index/%3C?php%20echo%20PUBLIC_PATH?%3E/images/111.jpg
INFO: [ app_init ] --START--
INFO: Run Behavior\BuildLiteBehavior [ RunTime:0.000000s ]
INFO: [ app_init ] --END-- [ RunTime:0.008000s ]
ERR: 非法操作:

[ 2017-08-22T15:11:55+08:00 ] ::1 /think/index.php/Home/Index/%3C?php%20echo%20PUBLIC_PATH?%3E/images/ecmoban_link.jpg
INFO: [ app_init ] --START--
INFO: Run Behavior\BuildLiteBehavior [ RunTime:0.000000s ]
INFO: [ app_init ] --END-- [ RunTime:0.000000s ]
ERR: 非法操作:

[ 2017-08-22T15:11:55+08:00 ] ::1 /think/index.php/Home/Index/%3C?php%20echo%20PUBLIC_PATH?%3E/images/yongda_logo.gif
INFO: [ app_init ] --START--
INFO: Run Behavior\BuildLiteBehavior [ RunTime:0.000000s ]
INFO: [ app_init ] --END-- [ RunTime:0.000000s ]
ERR: 非法操作:

[ 2017-08-22T15:11:55+08:00 ] ::1 /think/index.php/Home/Index/%3C?php%20echo%20PUBLIC_PATH?%3E/images/top_7.gif
INFO: [ app_init ] --START--
INFO: Run Behavior\BuildLiteBehavior [ RunTime:0.000000s ]
INFO: [ app_init ] --END-- [ RunTime:0.001000s ]
ERR: 非法操作:

[ 2017-08-22T15:14:45+08:00 ] ::1 /think/index.php/Home/Index/index
INFO: [ app_init ] --START--
INFO: Run Behavior\BuildLiteBehavior [ RunTime:0.000000s ]
INFO: [ app_init ] --END-- [ RunTime:0.001000s ]
ERR: Syntax Error in template "D:/wamp/www/think/Home/View\Index\index.html"  on line 11 "&lt;link href=&quot;{$smarty.const.PUBLIC_PATH}/css/style.css&quot; rel=&quot;stylesheet&quot; type=&quot;text/css&quot; /&gt;" $smarty.cont is invalid

[ 2017-08-22T15:16:00+08:00 ] ::1 /think/index.php/Home/Index/index
INFO: [ app_init ] --START--
INFO: Run Behavior\BuildLiteBehavior [ RunTime:0.000000s ]
INFO: [ app_init ] --END-- [ RunTime:0.001000s ]

[ 2017-08-22T15:17:02+08:00 ] ::1 /think/index.php/Home/Index/index
INFO: [ app_init ] --START--
INFO: Run Behavior\BuildLiteBehavior [ RunTime:0.000000s ]
INFO: [ app_init ] --END-- [ RunTime:0.001000s ]

[ 2017-08-22T15:17:03+08:00 ] ::1 /think/index.php/Home/Index/index
INFO: [ app_init ] --START--
INFO: Run Behavior\BuildLiteBehavior [ RunTime:0.000000s ]
INFO: [ app_init ] --END-- [ RunTime:0.001000s ]

[ 2017-08-22T15:17:03+08:00 ] ::1 /think/index.php/Home/Index/index
INFO: [ app_init ] --START--
INFO: Run Behavior\BuildLiteBehavior [ RunTime:0.000000s ]
INFO: [ app_init ] --END-- [ RunTime:0.000000s ]

[ 2017-08-22T15:17:04+08:00 ] ::1 /think/index.php/Home/Index/index
INFO: [ app_init ] --START--
INFO: Run Behavior\BuildLiteBehavior [ RunTime:0.000000s ]
INFO: [ app_init ] --END-- [ RunTime:0.000000s ]

[ 2017-08-22T15:17:04+08:00 ] ::1 /think/index.php/Home/Index/index
INFO: [ app_init ] --START--
INFO: Run Behavior\BuildLiteBehavior [ RunTime:0.000000s ]
INFO: [ app_init ] --END-- [ RunTime:0.001000s ]

[ 2017-08-22T15:17:04+08:00 ] ::1 /think/index.php/Home/Index/index
INFO: [ app_init ] --START--
INFO: Run Behavior\BuildLiteBehavior [ RunTime:0.000000s ]
INFO: [ app_init ] --END-- [ RunTime:0.001000s ]

[ 2017-08-22T15:17:04+08:00 ] ::1 /think/index.php/Home/Index/index
INFO: [ app_init ] --START--
INFO: Run Behavior\BuildLiteBehavior [ RunTime:0.000000s ]
INFO: [ app_init ] --END-- [ RunTime:0.000000s ]

[ 2017-08-22T15:17:04+08:00 ] ::1 /think/index.php/Home/Index/index
INFO: [ app_init ] --START--
INFO: Run Behavior\BuildLiteBehavior [ RunTime:0.000000s ]
INFO: [ app_init ] --END-- [ RunTime:0.001000s ]

[ 2017-08-22T15:17:05+08:00 ] ::1 /think/index.php/Home/Index/index
INFO: [ app_init ] --START--
INFO: Run Behavior\BuildLiteBehavior [ RunTime:0.000000s ]
INFO: [ app_init ] --END-- [ RunTime:0.001000s ]

[ 2017-08-22T15:17:05+08:00 ] ::1 /think/index.php/Home/Index/index
INFO: [ app_init ] --START--
INFO: Run Behavior\BuildLiteBehavior [ RunTime:0.000000s ]
INFO: [ app_init ] --END-- [ RunTime:0.000000s ]

[ 2017-08-22T15:17:06+08:00 ] ::1 /think/index.php/Home/Index/index
INFO: [ app_init ] --START--
INFO: Run Behavior\BuildLiteBehavior [ RunTime:0.000000s ]
INFO: [ app_init ] --END-- [ RunTime:0.000000s ]

[ 2017-08-22T15:17:06+08:00 ] ::1 /think/index.php/Home/Index/index
INFO: [ app_init ] --START--
INFO: Run Behavior\BuildLiteBehavior [ RunTime:0.000000s ]
INFO: [ app_init ] --END-- [ RunTime:0.000000s ]

[ 2017-08-22T15:17:06+08:00 ] ::1 /think/index.php/Home/Index/index
INFO: [ app_init ] --START--
INFO: Run Behavior\BuildLiteBehavior [ RunTime:0.000000s ]
INFO: [ app_init ] --END-- [ RunTime:0.000000s ]

[ 2017-08-22T15:17:06+08:00 ] ::1 /think/index.php/Home/Index/index
INFO: [ app_init ] --START--
INFO: Run Behavior\BuildLiteBehavior [ RunTime:0.000000s ]
INFO: [ app_init ] --END-- [ RunTime:0.001000s ]

[ 2017-08-22T15:17:07+08:00 ] ::1 /think/index.php/Home/Index/index
INFO: [ app_init ] --START--
INFO: Run Behavior\BuildLiteBehavior [ RunTime:0.000000s ]
INFO: [ app_init ] --END-- [ RunTime:0.000000s ]

[ 2017-08-22T15:17:07+08:00 ] ::1 /think/index.php/Home/Index/index
INFO: [ app_init ] --START--
INFO: Run Behavior\BuildLiteBehavior [ RunTime:0.000000s ]
INFO: [ app_init ] --END-- [ RunTime:0.000000s ]

[ 2017-08-22T15:17:24+08:00 ] ::1 /think/index.php/Home/Index/index
INFO: [ app_init ] --START--
INFO: Run Behavior\BuildLiteBehavior [ RunTime:0.000000s ]
INFO: [ app_init ] --END-- [ RunTime:0.001000s ]

[ 2017-08-22T15:17:54+08:00 ] ::1 /think/index.php/Home/Index/index
INFO: [ app_init ] --START--
INFO: Run Behavior\BuildLiteBehavior [ RunTime:0.000000s ]
INFO: [ app_init ] --END-- [ RunTime:0.001000s ]

[ 2017-08-22T15:17:54+08:00 ] ::1 /think/index.php/Home/Index/%3C?php%20echo%20PUBLIC_PATH?%3E/images/biao6.gif
INFO: [ app_init ] --START--
INFO: Run Behavior\BuildLiteBehavior [ RunTime:0.000000s ]
INFO: [ app_init ] --END-- [ RunTime:0.003000s ]
ERR: 非法操作:

[ 2017-08-22T15:17:54+08:00 ] ::1 /think/index.php/Home/Index/%3C?php%20echo%20PUBLIC_PATH?%3E/images/biao3.gif
INFO: [ app_init ] --START--
INFO: Run Behavior\BuildLiteBehavior [ RunTime:0.000000s ]
INFO: [ app_init ] --END-- [ RunTime:0.003000s ]
ERR: 非法操作:

[ 2017-08-22T15:17:54+08:00 ] ::1 /think/index.php/Home/Index/%3C?php%20echo%20PUBLIC_PATH?%3E/images/top_1.gif
INFO: [ app_init ] --START--
INFO: Run Behavior\BuildLiteBehavior [ RunTime:0.000000s ]
INFO: [ app_init ] --END-- [ RunTime:0.000000s ]
ERR: 非法操作:

[ 2017-08-22T15:17:54+08:00 ] ::1 /think/index.php/Home/Index/%3C?php%20echo%20PUBLIC_PATH?%3E/images/3_thumb_G_1241422082679.jpg
INFO: [ app_init ] --START--
INFO: Run Behavior\BuildLiteBehavior [ RunTime:0.000000s ]
INFO: [ app_init ] --END-- [ RunTime:0.002000s ]
ERR: 非法操作:

[ 2017-08-22T15:17:54+08:00 ] ::1 /think/index.php/Home/Index/%3C?php%20echo%20PUBLIC_PATH?%3E/images/biao7.gif
INFO: [ app_init ] --START--
INFO: Run Behavior\BuildLiteBehavior [ RunTime:0.000000s ]
INFO: [ app_init ] --END-- [ RunTime:0.001000s ]
ERR: 非法操作:

[ 2017-08-22T15:17:54+08:00 ] ::1 /think/index.php/Home/Index/%3C?php%20echo%20PUBLIC_PATH?%3E/images/logo.gif
INFO: [ app_init ] --START--
INFO: Run Behavior\BuildLiteBehavior [ RunTime:0.000000s ]
INFO: [ app_init ] --END-- [ RunTime:0.000000s ]
ERR: 非法操作:

[ 2017-08-22T15:17:54+08:00 ] ::1 /think/index.php/Home/Index/%3C?php%20echo%20PUBLIC_PATH?%3E/images/111.jpg
INFO: [ app_init ] --START--
INFO: Run Behavior\BuildLiteBehavior [ RunTime:0.000000s ]
INFO: [ app_init ] --END-- [ RunTime:0.001000s ]
ERR: 非法操作:

[ 2017-08-22T15:17:54+08:00 ] ::1 /think/index.php/Home/Index/%3C?php%20echo%20PUBLIC_PATH?%3E/images/1_thumb_G_1240902890710.jpg
INFO: [ app_init ] --START--
INFO: Run Behavior\BuildLiteBehavior [ RunTime:0.004000s ]
INFO: [ app_init ] --END-- [ RunTime:0.005000s ]
ERR: 非法操作:

[ 2017-08-22T15:17:54+08:00 ] ::1 /think/index.php/Home/Index/%3C?php%20echo%20PUBLIC_PATH?%3E/images/8_thumb_G_1241425513488.jpg
INFO: [ app_init ] --START--
INFO: Run Behavior\BuildLiteBehavior [ RunTime:0.000000s ]
INFO: [ app_init ] --END-- [ RunTime:0.001000s ]
ERR: 非法操作:

[ 2017-08-22T15:17:54+08:00 ] ::1 /think/index.php/Home/Index/%3C?php%20echo%20PUBLIC_PATH?%3E/images/24_thumb_G_1241971981429.jpg
INFO: [ app_init ] --START--
INFO: Run Behavior\BuildLiteBehavior [ RunTime:0.000000s ]
INFO: [ app_init ] --END-- [ RunTime:0.001000s ]
ERR: 非法操作:

[ 2017-08-22T15:17:54+08:00 ] ::1 /think/index.php/Home/Index/%3C?php%20echo%20PUBLIC_PATH?%3E/images/12_thumb_G_1241965978410.jpg
INFO: [ app_init ] --START--
INFO: Run Behavior\BuildLiteBehavior [ RunTime:0.000000s ]
INFO: [ app_init ] --END-- [ RunTime:0.003000s ]
ERR: 非法操作:

[ 2017-08-22T15:17:54+08:00 ] ::1 /think/index.php/Home/Index/%3C?php%20echo%20PUBLIC_PATH?%3E/images/9_thumb_G_1241511871555.jpg
INFO: [ app_init ] --START--
INFO: Run Behavior\BuildLiteBehavior [ RunTime:0.000000s ]
INFO: [ app_init ] --END-- [ RunTime:0.000000s ]
ERR: 非法操作:

[ 2017-08-22T15:17:54+08:00 ] ::1 /think/index.php/Home/Index/%3C?php%20echo%20PUBLIC_PATH?%3E/images/sousuo.gif
INFO: [ app_init ] --START--
INFO: Run Behavior\BuildLiteBehavior [ RunTime:0.000000s ]
INFO: [ app_init ] --END-- [ RunTime:0.000000s ]
ERR: 非法操作:

[ 2017-08-22T15:17:54+08:00 ] ::1 /think/index.php/Home/Index/%3C?php%20echo%20PUBLIC_PATH?%3E/images/top_6.gif
INFO: [ app_init ] --START--
INFO: Run Behavior\BuildLiteBehavior [ RunTime:0.000000s ]
INFO: [ app_init ] --END-- [ RunTime:0.001000s ]
ERR: 非法操作:

[ 2017-08-22T15:17:54+08:00 ] ::1 /think/index.php/Home/Index/%3C?php%20echo%20PUBLIC_PATH?%3E/images/top_2.gif
INFO: [ app_init ] --START--
INFO: Run Behavior\BuildLiteBehavior [ RunTime:0.000000s ]
INFO: [ app_init ] --END-- [ RunTime:0.001000s ]
ERR: 非法操作:

[ 2017-08-22T15:17:54+08:00 ] ::1 /think/index.php/Home/Index/%3C?php%20echo%20PUBLIC_PATH?%3E/images/top_3.gif
INFO: [ app_init ] --START--
INFO: Run Behavior\BuildLiteBehavior [ RunTime:0.000000s ]
INFO: [ app_init ] --END-- [ RunTime:0.002000s ]
ERR: 非法操作:

[ 2017-08-22T15:17:54+08:00 ] ::1 /think/index.php/Home/Index/%3C?php%20echo%20PUBLIC_PATH?%3E/images/top_5.gif
INFO: [ app_init ] --START--
INFO: Run Behavior\BuildLiteBehavior [ RunTime:0.000000s ]
INFO: [ app_init ] --END-- [ RunTime:0.000000s ]
ERR: 非法操作:

[ 2017-08-22T15:17:54+08:00 ] ::1 /think/index.php/Home/Index/%3C?php%20echo%20PUBLIC_PATH?%3E/images/top_7.gif
INFO: [ app_init ] --START--
INFO: Run Behavior\BuildLiteBehavior [ RunTime:0.000000s ]
INFO: [ app_init ] --END-- [ RunTime:0.001000s ]
ERR: 非法操作:

[ 2017-08-22T15:17:54+08:00 ] ::1 /think/index.php/Home/Index/%3C?php%20echo%20PUBLIC_PATH?%3E/images/top_4.gif
INFO: [ app_init ] --START--
INFO: Run Behavior\BuildLiteBehavior [ RunTime:0.000000s ]
INFO: [ app_init ] --END-- [ RunTime:0.000000s ]
ERR: 非法操作:

[ 2017-08-22T15:17:54+08:00 ] ::1 /think/index.php/Home/Index/%3C?php%20echo%20PUBLIC_PATH?%3E/images/1240803144788047486.gif
INFO: [ app_init ] --START--
INFO: Run Behavior\BuildLiteBehavior [ RunTime:0.001000s ]
INFO: [ app_init ] --END-- [ RunTime:0.001000s ]
ERR: 非法操作:

[ 2017-08-22T15:17:54+08:00 ] ::1 /think/index.php/Home/Index/%3C?php%20echo%20PUBLIC_PATH?%3E/images/1240803062307572427.gif
INFO: [ app_init ] --START--
INFO: Run Behavior\BuildLiteBehavior [ RunTime:0.000000s ]
INFO: [ app_init ] --END-- [ RunTime:0.000000s ]
ERR: 非法操作:

[ 2017-08-22T15:17:54+08:00 ] ::1 /think/index.php/Home/Index/%3C?php%20echo%20PUBLIC_PATH?%3E/images/di.jpg
INFO: [ app_init ] --START--
INFO: Run Behavior\BuildLiteBehavior [ RunTime:0.000000s ]
INFO: [ app_init ] --END-- [ RunTime:0.001000s ]
ERR: 非法操作:

[ 2017-08-22T15:17:54+08:00 ] ::1 /think/index.php/Home/Index/%3C?php%20echo%20PUBLIC_PATH?%3E/images/yongda_logo.gif
INFO: [ app_init ] --START--
INFO: Run Behavior\BuildLiteBehavior [ RunTime:0.000000s ]
INFO: [ app_init ] --END-- [ RunTime:0.001000s ]
ERR: 非法操作:

[ 2017-08-22T15:17:54+08:00 ] ::1 /think/index.php/Home/Index/%3C?php%20echo%20PUBLIC_PATH?%3E/images/ecmoban_link.jpg
INFO: [ app_init ] --START--
INFO: Run Behavior\BuildLiteBehavior [ RunTime:0.000000s ]
INFO: [ app_init ] --END-- [ RunTime:0.001000s ]
ERR: 非法操作:

[ 2017-08-22T15:17:54+08:00 ] ::1 /think/index.php/Home/Index/%3C?php%20echo%20PUBLIC_PATH?%3E/images/1240802922410634065.gif
INFO: [ app_init ] --START--
INFO: Run Behavior\BuildLiteBehavior [ RunTime:0.000000s ]
INFO: [ app_init ] --END-- [ RunTime:0.001000s ]
ERR: 非法操作:

[ 2017-08-22T15:17:57+08:00 ] ::1 /think/index.php/Home/Index/index
INFO: [ app_init ] --START--
INFO: Run Behavior\BuildLiteBehavior [ RunTime:0.001000s ]
INFO: [ app_init ] --END-- [ RunTime:0.001000s ]

[ 2017-08-22T15:17:57+08:00 ] ::1 /think/index.php/Home/Index/%3C?php%20echo%20PUBLIC_PATH?%3E/images/logo.gif
INFO: [ app_init ] --START--
INFO: Run Behavior\BuildLiteBehavior [ RunTime:0.000000s ]
INFO: [ app_init ] --END-- [ RunTime:0.003000s ]
ERR: 非法操作:

[ 2017-08-22T15:17:57+08:00 ] ::1 /think/index.php/Home/Index/%3C?php%20echo%20PUBLIC_PATH?%3E/images/biao3.gif
INFO: [ app_init ] --START--
INFO: Run Behavior\BuildLiteBehavior [ RunTime:0.001000s ]
INFO: [ app_init ] --END-- [ RunTime:0.001000s ]
ERR: 非法操作:

[ 2017-08-22T15:17:57+08:00 ] ::1 /think/index.php/Home/Index/%3C?php%20echo%20PUBLIC_PATH?%3E/images/biao7.gif
INFO: [ app_init ] --START--
INFO: Run Behavior\BuildLiteBehavior [ RunTime:0.000000s ]
INFO: [ app_init ] --END-- [ RunTime:0.001000s ]
ERR: 非法操作:

[ 2017-08-22T15:17:57+08:00 ] ::1 /think/index.php/Home/Index/%3C?php%20echo%20PUBLIC_PATH?%3E/images/top_1.gif
INFO: [ app_init ] --START--
INFO: Run Behavior\BuildLiteBehavior [ RunTime:0.001000s ]
INFO: [ app_init ] --END-- [ RunTime:0.003000s ]
ERR: 非法操作:

[ 2017-08-22T15:17:57+08:00 ] ::1 /think/index.php/Home/Index/%3C?php%20echo%20PUBLIC_PATH?%3E/images/biao6.gif
INFO: [ app_init ] --START--
INFO: Run Behavior\BuildLiteBehavior [ RunTime:0.000000s ]
INFO: [ app_init ] --END-- [ RunTime:0.008000s ]
ERR: 非法操作:

[ 2017-08-22T15:17:57+08:00 ] ::1 /think/index.php/Home/Index/%3C?php%20echo%20PUBLIC_PATH?%3E/images/111.jpg
INFO: [ app_init ] --START--
INFO: Run Behavior\BuildLiteBehavior [ RunTime:0.000000s ]
INFO: [ app_init ] --END-- [ RunTime:0.001000s ]
ERR: 非法操作:

[ 2017-08-22T15:17:57+08:00 ] ::1 /think/index.php/Home/Index/%3C?php%20echo%20PUBLIC_PATH?%3E/images/9_thumb_G_1241511871555.jpg
INFO: [ app_init ] --START--
INFO: Run Behavior\BuildLiteBehavior [ RunTime:0.000000s ]
INFO: [ app_init ] --END-- [ RunTime:0.001000s ]
ERR: 非法操作:

[ 2017-08-22T15:17:57+08:00 ] ::1 /think/index.php/Home/Index/%3C?php%20echo%20PUBLIC_PATH?%3E/images/1_thumb_G_1240902890710.jpg
INFO: [ app_init ] --START--
INFO: Run Behavior\BuildLiteBehavior [ RunTime:0.000000s ]
INFO: [ app_init ] --END-- [ RunTime:0.002000s ]
ERR: 非法操作:

[ 2017-08-22T15:17:57+08:00 ] ::1 /think/index.php/Home/Index/%3C?php%20echo%20PUBLIC_PATH?%3E/images/3_thumb_G_1241422082679.jpg
INFO: [ app_init ] --START--
INFO: Run Behavior\BuildLiteBehavior [ RunTime:0.000000s ]
INFO: [ app_init ] --END-- [ RunTime:0.002000s ]
ERR: 非法操作:

[ 2017-08-22T15:17:57+08:00 ] ::1 /think/index.php/Home/Index/%3C?php%20echo%20PUBLIC_PATH?%3E/images/8_thumb_G_1241425513488.jpg
INFO: [ app_init ] --START--
INFO: Run Behavior\BuildLiteBehavior [ RunTime:0.000000s ]
INFO: [ app_init ] --END-- [ RunTime:0.000000s ]
ERR: 非法操作:

[ 2017-08-22T15:17:57+08:00 ] ::1 /think/index.php/Home/Index/%3C?php%20echo%20PUBLIC_PATH?%3E/images/12_thumb_G_1241965978410.jpg
INFO: [ app_init ] --START--
INFO: Run Behavior\BuildLiteBehavior [ RunTime:0.000000s ]
INFO: [ app_init ] --END-- [ RunTime:0.000000s ]
ERR: 非法操作:

[ 2017-08-22T15:17:57+08:00 ] ::1 /think/index.php/Home/Index/%3C?php%20echo%20PUBLIC_PATH?%3E/images/24_thumb_G_1241971981429.jpg
INFO: [ app_init ] --START--
INFO: Run Behavior\BuildLiteBehavior [ RunTime:0.000000s ]
INFO: [ app_init ] --END-- [ RunTime:0.002000s ]
ERR: 非法操作:

[ 2017-08-22T15:17:57+08:00 ] ::1 /think/index.php/Home/Index/%3C?php%20echo%20PUBLIC_PATH?%3E/images/top_2.gif
INFO: [ app_init ] --START--
INFO: Run Behavior\BuildLiteBehavior [ RunTime:0.000000s ]
INFO: [ app_init ] --END-- [ RunTime:0.000000s ]
ERR: 非法操作:

[ 2017-08-22T15:17:57+08:00 ] ::1 /think/index.php/Home/Index/%3C?php%20echo%20PUBLIC_PATH?%3E/images/sousuo.gif
INFO: [ app_init ] --START--
INFO: Run Behavior\BuildLiteBehavior [ RunTime:0.000000s ]
INFO: [ app_init ] --END-- [ RunTime:0.001000s ]
ERR: 非法操作:

[ 2017-08-22T15:17:57+08:00 ] ::1 /think/index.php/Home/Index/%3C?php%20echo%20PUBLIC_PATH?%3E/images/top_5.gif
INFO: [ app_init ] --START--
INFO: Run Behavior\BuildLiteBehavior [ RunTime:0.000000s ]
INFO: [ app_init ] --END-- [ RunTime:0.001000s ]
ERR: 非法操作:

[ 2017-08-22T15:17:57+08:00 ] ::1 /think/index.php/Home/Index/%3C?php%20echo%20PUBLIC_PATH?%3E/images/top_3.gif
INFO: [ app_init ] --START--
INFO: Run Behavior\BuildLiteBehavior [ RunTime:0.000000s ]
INFO: [ app_init ] --END-- [ RunTime:0.001000s ]
ERR: 非法操作:

[ 2017-08-22T15:17:57+08:00 ] ::1 /think/index.php/Home/Index/%3C?php%20echo%20PUBLIC_PATH?%3E/images/top_7.gif
INFO: [ app_init ] --START--
INFO: Run Behavior\BuildLiteBehavior [ RunTime:0.000000s ]
INFO: [ app_init ] --END-- [ RunTime:0.001000s ]
ERR: 非法操作:

[ 2017-08-22T15:17:57+08:00 ] ::1 /think/index.php/Home/Index/%3C?php%20echo%20PUBLIC_PATH?%3E/images/top_4.gif
INFO: [ app_init ] --START--
INFO: Run Behavior\BuildLiteBehavior [ RunTime:0.000000s ]
INFO: [ app_init ] --END-- [ RunTime:0.000000s ]
ERR: 非法操作:

[ 2017-08-22T15:17:57+08:00 ] ::1 /think/index.php/Home/Index/%3C?php%20echo%20PUBLIC_PATH?%3E/images/top_6.gif
INFO: [ app_init ] --START--
INFO: Run Behavior\BuildLiteBehavior [ RunTime:0.000000s ]
INFO: [ app_init ] --END-- [ RunTime:0.001000s ]
ERR: 非法操作:

[ 2017-08-22T15:17:57+08:00 ] ::1 /think/index.php/Home/Index/%3C?php%20echo%20PUBLIC_PATH?%3E/images/1240802922410634065.gif
INFO: [ app_init ] --START--
INFO: Run Behavior\BuildLiteBehavior [ RunTime:0.000000s ]
INFO: [ app_init ] --END-- [ RunTime:0.001000s ]
ERR: 非法操作:

[ 2017-08-22T15:17:57+08:00 ] ::1 /think/index.php/Home/Index/%3C?php%20echo%20PUBLIC_PATH?%3E/images/1240803062307572427.gif
INFO: [ app_init ] --START--
INFO: Run Behavior\BuildLiteBehavior [ RunTime:0.000000s ]
INFO: [ app_init ] --END-- [ RunTime:0.001000s ]
ERR: 非法操作:

[ 2017-08-22T15:17:57+08:00 ] ::1 /think/index.php/Home/Index/%3C?php%20echo%20PUBLIC_PATH?%3E/images/1240803144788047486.gif
INFO: [ app_init ] --START--
INFO: Run Behavior\BuildLiteBehavior [ RunTime:0.000000s ]
INFO: [ app_init ] --END-- [ RunTime:0.001000s ]
ERR: 非法操作:

[ 2017-08-22T15:17:57+08:00 ] ::1 /think/index.php/Home/Index/%3C?php%20echo%20PUBLIC_PATH?%3E/images/di.jpg
INFO: [ app_init ] --START--
INFO: Run Behavior\BuildLiteBehavior [ RunTime:0.000000s ]
INFO: [ app_init ] --END-- [ RunTime:0.001000s ]
ERR: 非法操作:

[ 2017-08-22T15:17:57+08:00 ] ::1 /think/index.php/Home/Index/%3C?php%20echo%20PUBLIC_PATH?%3E/images/ecmoban_link.jpg
INFO: [ app_init ] --START--
INFO: Run Behavior\BuildLiteBehavior [ RunTime:0.000000s ]
INFO: [ app_init ] --END-- [ RunTime:0.000000s ]
ERR: 非法操作:

[ 2017-08-22T15:17:57+08:00 ] ::1 /think/index.php/Home/Index/%3C?php%20echo%20PUBLIC_PATH?%3E/images/yongda_logo.gif
INFO: [ app_init ] --START--
INFO: Run Behavior\BuildLiteBehavior [ RunTime:0.000000s ]
INFO: [ app_init ] --END-- [ RunTime:0.001000s ]
ERR: 非法操作:

[ 2017-08-22T15:19:25+08:00 ] ::1 /think/index.php/Home/Index/index
INFO: [ app_init ] --START--
INFO: Run Behavior\BuildLiteBehavior [ RunTime:0.000000s ]
INFO: [ app_init ] --END-- [ RunTime:0.001000s ]

[ 2017-08-22T15:20:26+08:00 ] ::1 /think/index.php/Home/Index/index
INFO: [ app_init ] --START--
INFO: Run Behavior\BuildLiteBehavior [ RunTime:0.000000s ]
INFO: [ app_init ] --END-- [ RunTime:0.001000s ]

[ 2017-08-22T15:20:31+08:00 ] ::1 /think/index.php/
INFO: [ app_init ] --START--
INFO: Run Behavior\BuildLiteBehavior [ RunTime:0.000000s ]
INFO: [ app_init ] --END-- [ RunTime:0.000000s ]
ERR: 无法加载控制器:

[ 2017-08-22T15:22:22+08:00 ] ::1 /think/index.php/
INFO: [ app_init ] --START--
INFO: Run Behavior\BuildLiteBehavior [ RunTime:0.000000s ]
INFO: [ app_init ] --END-- [ RunTime:0.000000s ]
ERR: 无法加载控制器:

[ 2017-08-22T15:22:29+08:00 ] ::1 /think/index.php/Home/Index/index
INFO: [ app_init ] --START--
INFO: Run Behavior\BuildLiteBehavior [ RunTime:0.000000s ]
INFO: [ app_init ] --END-- [ RunTime:0.001000s ]

[ 2017-08-22T15:36:22+08:00 ] ::1 /think/index.php/Home/Index/index
INFO: [ app_init ] --START--
INFO: Run Behavior\BuildLiteBehavior [ RunTime:0.000000s ]
INFO: [ app_init ] --END-- [ RunTime:0.001000s ]

[ 2017-08-22T15:36:23+08:00 ] ::1 /think/index.php/Home/Index/index
INFO: [ app_init ] --START--
INFO: Run Behavior\BuildLiteBehavior [ RunTime:0.000000s ]
INFO: [ app_init ] --END-- [ RunTime:0.000000s ]

[ 2017-08-22T15:59:23+08:00 ] ::1 /think/index.php/Home/Index/index.html
INFO: [ app_init ] --START--
INFO: Run Behavior\BuildLiteBehavior [ RunTime:0.000000s ]
INFO: [ app_init ] --END-- [ RunTime:0.001000s ]

